SF:/home/user/flexorama/src/agent.rs
FN:1303,_RNCNvMs_NtCsa6QFEuJDwzK_9flexorama5agentNtB6_5Agent22start_new_conversation0B8_
FN:369,_RNvMs_NtCsa6QFEuJDwzK_9flexorama5agentNtB4_5Agent16with_mcp_manager
FN:1303,_RNvMs_NtCsa6QFEuJDwzK_9flexorama5agentNtB4_5Agent22start_new_conversation
FN:241,_RNCNCNCNvMs_NtCsa6QFEuJDwzK_9flexorama5agentNtBa_5Agent18new_with_plan_mode000Bc_
FN:394,_RNCNCNvMs_NtCsa6QFEuJDwzK_9flexorama5agentNtB8_5Agent11list_skills00Ba_
FN:695,_RNCNCNvMs_NtCsa6QFEuJDwzK_9flexorama5agentNtB8_5Agent13set_plan_mode00Ba_
FN:447,_RNCNCNvMs_NtCsa6QFEuJDwzK_9flexorama5agentNtB8_5Agent14activate_skill00Ba_
FN:468,_RNCNCNvMs_NtCsa6QFEuJDwzK_9flexorama5agentNtB8_5Agent14activate_skill0s_0Ba_
FN:489,_RNCNCNvMs_NtCsa6QFEuJDwzK_9flexorama5agentNtB8_5Agent16deactivate_skill00Ba_
FN:590,_RNCNCNvMs_NtCsa6QFEuJDwzK_9flexorama5agentNtB8_5Agent17refresh_mcp_tools00Ba_
FN:617,_RNCNCNvMs_NtCsa6QFEuJDwzK_9flexorama5agentNtB8_5Agent17refresh_mcp_tools0s_0Ba_
FN:240,_RNCNCNvMs_NtCsa6QFEuJDwzK_9flexorama5agentNtB8_5Agent18new_with_plan_mode00Ba_
FN:1274,_RNCNCNvMs_NtCsa6QFEuJDwzK_9flexorama5agentNtB8_5Agent19resume_conversation00Ba_
FN:1279,_RNCNCNvMs_NtCsa6QFEuJDwzK_9flexorama5agentNtB8_5Agent19resume_conversation0s_0Ba_
FN:1466,_RNCNCNvMs_NtCsa6QFEuJDwzK_9flexorama5agentNtB8_5Agent21execute_tool_internal00Ba_
FN:1530,_RNCNCNvMs_NtCsa6QFEuJDwzK_9flexorama5agentNtB8_5Agent21execute_tool_internal0s0_0Ba_
FN:1496,_RNCNCNvMs_NtCsa6QFEuJDwzK_9flexorama5agentNtB8_5Agent21execute_tool_internal0s1_0Ba_
FN:1529,_RNCNCNvMs_NtCsa6QFEuJDwzK_9flexorama5agentNtB8_5Agent21execute_tool_internal0s_0Ba_
FN:346,_RNCNCNvMs_NtCsa6QFEuJDwzK_9flexorama5agentNtB8_5Agent23load_plan_for_execution00Ba_
FN:360,_RNCNCNvMs_NtCsa6QFEuJDwzK_9flexorama5agentNtB8_5Agent23load_plan_for_execution0s0_0Ba_
FN:352,_RNCNCNvMs_NtCsa6QFEuJDwzK_9flexorama5agentNtB8_5Agent23load_plan_for_execution0s_0Ba_
FN:271,_RNCNCNvMs_NtCsa6QFEuJDwzK_9flexorama5agentNtB8_5Agent25apply_plan_mode_filtering00Ba_
FN:1411,_RNCNCNvMs_NtCsa6QFEuJDwzK_9flexorama5agentNtB8_5Agent25execute_tool_with_display00Ba_
FN:1442,_RNCNCNvMs_NtCsa6QFEuJDwzK_9flexorama5agentNtB8_5Agent25execute_tool_with_display0s_0Ba_
FN:1261,_RNCNCNvMs_NtCsa6QFEuJDwzK_9flexorama5agentNtB8_5Agent25list_recent_conversations00Ba_
FN:843,_RNCNCNvMs_NtCsa6QFEuJDwzK_9flexorama5agentNtB8_5Agent27process_message_with_stream00Ba_
FN:956,_RNCNCNvMs_NtCsa6QFEuJDwzK_9flexorama5agentNtB8_5Agent27process_message_with_stream0s0_0Ba_
FN:879,_RNCNCNvMs_NtCsa6QFEuJDwzK_9flexorama5agentNtB8_5Agent27process_message_with_stream0s_0Ba_
FN:388,_RNCNvMs_NtCsa6QFEuJDwzK_9flexorama5agentNtB6_5Agent11list_skills0B8_
FN:402,_RNCNvMs_NtCsa6QFEuJDwzK_9flexorama5agentNtB6_5Agent12create_skill0B8_
FN:424,_RNCNvMs_NtCsa6QFEuJDwzK_9flexorama5agentNtB6_5Agent12delete_skill0B8_
FN:324,_RNCNvMs_NtCsa6QFEuJDwzK_9flexorama5agentNtB6_5Agent12persist_plan0B8_
FN:413,_RNCNvMs_NtCsa6QFEuJDwzK_9flexorama5agentNtB6_5Agent12update_skill0B8_
FN:1360,_RNCNvMs_NtCsa6QFEuJDwzK_9flexorama5agentNtB6_5Agent13exit_subagent0B8_
FN:1105,_RNCNvMs_NtCsa6QFEuJDwzK_9flexorama5agentNtB6_5Agent13get_todos_for0B8_
FN:683,_RNCNvMs_NtCsa6QFEuJDwzK_9flexorama5agentNtB6_5Agent13set_plan_mode0B8_
FN:440,_RNCNvMs_NtCsa6QFEuJDwzK_9flexorama5agentNtB6_5Agent14activate_skill0B8_
FN:741,_RNCNvMs_NtCsa6QFEuJDwzK_9flexorama5agentNtB6_5Agent15process_message0B8_
FN:723,_RNCNvMs_NtCsa6QFEuJDwzK_9flexorama5agentNtB6_5Agent16add_context_file0B8_
FN:479,_RNCNvMs_NtCsa6QFEuJDwzK_9flexorama5agentNtB6_5Agent16deactivate_skill0B8_
FN:305,_RNCNvMs_NtCsa6QFEuJDwzK_9flexorama5agentNtB6_5Agent17derive_plan_title0B8_
FN:568,_RNCNvMs_NtCsa6QFEuJDwzK_9flexorama5agentNtB6_5Agent17refresh_mcp_tools0B8_
FN:207,_RNCNvMs_NtCsa6QFEuJDwzK_9flexorama5agentNtB6_5Agent18new_with_plan_mode0B8_
FN:1312,_RNCNvMs_NtCsa6QFEuJDwzK_9flexorama5agentNtB6_5Agent18switch_to_subagent0B8_
FN:277,_RNCNvMs_NtCsa6QFEuJDwzK_9flexorama5agentNtB6_5Agent19fetch_ollama_models0B8_
FN:1182,_RNCNvMs_NtCsa6QFEuJDwzK_9flexorama5agentNtB6_5Agent19get_config_for_save0B8_
FN:1269,_RNCNvMs_NtCsa6QFEuJDwzK_9flexorama5agentNtB6_5Agent19resume_conversation0B8_
FN:300,_RNCNvMs_NtCsa6QFEuJDwzK_9flexorama5agentNtB6_5Agent20get_available_models0B8_
FN:1449,_RNCNvMs_NtCsa6QFEuJDwzK_9flexorama5agentNtB6_5Agent21execute_tool_internal0B8_
FN:128,_RNCNvMs_NtCsa6QFEuJDwzK_9flexorama5agentNtB6_5Agent21snapshot_conversation0B8_
FN:1217,_RNCNvMs_NtCsa6QFEuJDwzK_9flexorama5agentNtB6_5Agent21todo_conversation_key0B8_
FN:1219,_RNCNvMs_NtCsa6QFEuJDwzK_9flexorama5agentNtB6_5Agent21todo_conversation_keys0_0B8_
FN:1218,_RNCNvMs_NtCsa6QFEuJDwzK_9flexorama5agentNtB6_5Agent21todo_conversation_keys_0B8_
FN:1138,_RNCNvMs_NtCsa6QFEuJDwzK_9flexorama5agentNtB6_5Agent22set_permission_handler0B8_
FN:630,_RNCNvMs_NtCsa6QFEuJDwzK_9flexorama5agentNtB6_5Agent23force_refresh_mcp_tools0B8_
FN:341,_RNCNvMs_NtCsa6QFEuJDwzK_9flexorama5agentNtB6_5Agent23load_plan_for_execution0B8_
FN:265,_RNCNvMs_NtCsa6QFEuJDwzK_9flexorama5agentNtB6_5Agent25apply_plan_mode_filtering0B8_
FN:1405,_RNCNvMs_NtCsa6QFEuJDwzK_9flexorama5agentNtB6_5Agent25execute_tool_with_display0B8_
FN:1356,_RNCNvMs_NtCsa6QFEuJDwzK_9flexorama5agentNtB6_5Agent25filter_tools_for_subagent0B8_
FN:1256,_RNCNvMs_NtCsa6QFEuJDwzK_9flexorama5agentNtB6_5Agent25list_recent_conversations0B8_
FN:752,_RNCNvMs_NtCsa6QFEuJDwzK_9flexorama5agentNtB6_5Agent27process_message_with_stream0B8_
FN:1396,_RNCNvMs_NtCsa6QFEuJDwzK_9flexorama5agentNtB6_5Agent33clear_conversation_keep_agents_md0B8_
FN:1222,_RNCNvMs_NtCsa6QFEuJDwzK_9flexorama5agentNtB6_5Agent35sync_todos_for_current_conversation0B8_
FN:1235,_RNCNvMs_NtCsa6QFEuJDwzK_9flexorama5agentNtB6_5Agent36store_todos_for_current_conversation0B8_
FN:145,_RNCNvMs_NtCsa6QFEuJDwzK_9flexorama5agentNtB6_5Agent3new0B8_
FN:172,_RNCNvMs_NtCsa6QFEuJDwzK_9flexorama5agentNtB6_5Agent3news_0B8_
FN:1098,_RNCNvMs_NtCsa6QFEuJDwzK_9flexorama5agentNtB6_5Agent9get_todos0B8_
FN:1169,_RNCNvMs_NtCsa6QFEuJDwzK_9flexorama5agentNtB6_5Agent9set_model0B8_
FN:2118,_RNCNCNvNtNtCsa6QFEuJDwzK_9flexorama5agent5testss_40filter_tools_for_subagent_removes_denied00B9_
FN:2149,_RNCNCNvNtNtCsa6QFEuJDwzK_9flexorama5agent5testss_44filter_tools_for_subagent_keeps_only_allowed00B9_
FN:2265,_RNCNvNtNtCsa6QFEuJDwzK_9flexorama5agent5testss_30exit_subagent_restores_context0B7_
FN:2176,_RNCNvNtNtCsa6QFEuJDwzK_9flexorama5agent5testss_32switch_to_subagent_saves_context0B7_
FN:2241,_RNCNvNtNtCsa6QFEuJDwzK_9flexorama5agent5testss_32switch_to_subagent_updates_model0B7_
FN:2035,_RNCNvNtNtCsa6QFEuJDwzK_9flexorama5agent5testss_35set_plan_mode_to_same_value_is_noop0B7_
FN:2047,_RNCNvNtNtCsa6QFEuJDwzK_9flexorama5agent5testss_36set_plan_mode_enabling_filters_tools0B7_
FN:1676,_RNCNvNtNtCsa6QFEuJDwzK_9flexorama5agent5testss_37new_with_plan_mode_controls_bash_tool0B7_
FN:2367,_RNCNvNtNtCsa6QFEuJDwzK_9flexorama5agent5testss_38new_with_plan_mode_adds_use_skill_tool0B7_
FN:2069,_RNCNvNtNtCsa6QFEuJDwzK_9flexorama5agent5testss_38set_plan_mode_disabling_restores_tools0B7_
FN:2111,_RNCNvNtNtCsa6QFEuJDwzK_9flexorama5agent5testss_40filter_tools_for_subagent_removes_denied0B7_
FN:2211,_RNCNvNtNtCsa6QFEuJDwzK_9flexorama5agent5testss_40switch_to_subagent_updates_system_prompt0B7_
FN:2309,_RNCNvNtNtCsa6QFEuJDwzK_9flexorama5agent5testss_42exit_subagent_without_saved_context_resets0B7_
FN:2091,_RNCNvNtNtCsa6QFEuJDwzK_9flexorama5agent5testss_42set_plan_mode_restores_saved_system_prompt0B7_
FN:2142,_RNCNvNtNtCsa6QFEuJDwzK_9flexorama5agent5testss_44filter_tools_for_subagent_keeps_only_allowed0B7_
FN:80,_RNvMNtCsa6QFEuJDwzK_9flexorama5agentNtB2_10TokenUsage12total_tokens
FN:66,_RNvMNtCsa6QFEuJDwzK_9flexorama5agentNtB2_10TokenUsage3new
FN:84,_RNvMNtCsa6QFEuJDwzK_9flexorama5agentNtB2_10TokenUsage5reset
FN:74,_RNvMNtCsa6QFEuJDwzK_9flexorama5agentNtB2_10TokenUsage9add_usage
FN:388,_RNvMs_NtCsa6QFEuJDwzK_9flexorama5agentNtB4_5Agent11list_skills
FN:402,_RNvMs_NtCsa6QFEuJDwzK_9flexorama5agentNtB4_5Agent12create_skill
FN:424,_RNvMs_NtCsa6QFEuJDwzK_9flexorama5agentNtB4_5Agent12delete_skill
FN:320,_RNvMs_NtCsa6QFEuJDwzK_9flexorama5agentNtB4_5Agent12persist_plan
FN:1121,_RNvMs_NtCsa6QFEuJDwzK_9flexorama5agentNtB4_5Agent12todos_handle
FN:413,_RNvMs_NtCsa6QFEuJDwzK_9flexorama5agentNtB4_5Agent12update_skill
FN:733,_RNvMs_NtCsa6QFEuJDwzK_9flexorama5agentNtB4_5Agent13clean_message
FN:1360,_RNvMs_NtCsa6QFEuJDwzK_9flexorama5agentNtB4_5Agent13exit_subagent
FN:1102,_RNvMs_NtCsa6QFEuJDwzK_9flexorama5agentNtB4_5Agent13get_todos_for
FN:683,_RNvMs_NtCsa6QFEuJDwzK_9flexorama5agentNtB4_5Agent13set_plan_mode
FN:440,_RNvMs_NtCsa6QFEuJDwzK_9flexorama5agentNtB4_5Agent14activate_skill
FN:525,_RNvMs_NtCsa6QFEuJDwzK_9flexorama5agentNtB4_5Agent14add_core_tools
FN:1093,_RNvMs_NtCsa6QFEuJDwzK_9flexorama5agentNtB4_5Agent15display_context
FN:1084,_RNvMs_NtCsa6QFEuJDwzK_9flexorama5agentNtB4_5Agent15get_token_usage
FN:737,_RNvMs_NtCsa6QFEuJDwzK_9flexorama5agentNtB4_5Agent15process_message
FN:1176,_RNvMs_NtCsa6QFEuJDwzK_9flexorama5agentNtB4_5Agent15set_model_local
FN:723,_RNvMs_NtCsa6QFEuJDwzK_9flexorama5agentNtB4_5Agent16add_context_file
FN:1247,_RNvMs_NtCsa6QFEuJDwzK_9flexorama5agentNtB4_5Agent16conversation_len
FN:1206,_RNvMs_NtCsa6QFEuJDwzK_9flexorama5agentNtB4_5Agent16database_manager
FN:479,_RNvMs_NtCsa6QFEuJDwzK_9flexorama5agentNtB4_5Agent16deactivate_skill
FN:1146,_RNvMs_NtCsa6QFEuJDwzK_9flexorama5agentNtB4_5Agent16display_provider
FN:1382,_RNvMs_NtCsa6QFEuJDwzK_9flexorama5agentNtB4_5Agent16is_subagent_mode
FN:304,_RNvMs_NtCsa6QFEuJDwzK_9flexorama5agentNtB4_5Agent17derive_plan_title
FN:513,_RNvMs_NtCsa6QFEuJDwzK_9flexorama5agentNtB4_5Agent17get_active_skills
FN:1392,_RNvMs_NtCsa6QFEuJDwzK_9flexorama5agentNtB4_5Agent17get_system_prompt
FN:568,_RNvMs_NtCsa6QFEuJDwzK_9flexorama5agentNtB4_5Agent17refresh_mcp_tools
FN:1088,_RNvMs_NtCsa6QFEuJDwzK_9flexorama5agentNtB4_5Agent17reset_token_usage
FN:655,_RNvMs_NtCsa6QFEuJDwzK_9flexorama5agentNtB4_5Agent17set_system_prompt
FN:202,_RNvMs_NtCsa6QFEuJDwzK_9flexorama5agentNtB4_5Agent18new_with_plan_mode
FN:1309,_RNvMs_NtCsa6QFEuJDwzK_9flexorama5agentNtB4_5Agent18switch_to_subagent
FN:379,_RNvMs_NtCsa6QFEuJDwzK_9flexorama5agentNtB4_5Agent18with_skill_manager
FN:277,_RNvMs_NtCsa6QFEuJDwzK_9flexorama5agentNtB4_5Agent19fetch_ollama_models
FN:1182,_RNvMs_NtCsa6QFEuJDwzK_9flexorama5agentNtB4_5Agent19get_config_for_save
FN:1269,_RNvMs_NtCsa6QFEuJDwzK_9flexorama5agentNtB4_5Agent19resume_conversation
FN:1242,_RNvMs_NtCsa6QFEuJDwzK_9flexorama5agentNtB4_5Agent20active_subagent_name
FN:300,_RNvMs_NtCsa6QFEuJDwzK_9flexorama5agentNtB4_5Agent20get_available_models
FN:1449,_RNvMs_NtCsa6QFEuJDwzK_9flexorama5agentNtB4_5Agent21execute_tool_internal
FN:728,_RNvMs_NtCsa6QFEuJDwzK_9flexorama5agentNtB4_5Agent21extract_context_files
FN:122,_RNvMs_NtCsa6QFEuJDwzK_9flexorama5agentNtB4_5Agent21snapshot_conversation
FN:1215,_RNvMs_NtCsa6QFEuJDwzK_9flexorama5agentNtB4_5Agent21todo_conversation_key
FN:374,_RNvMs_NtCsa6QFEuJDwzK_9flexorama5agentNtB4_5Agent21with_database_manager
FN:660,_RNvMs_NtCsa6QFEuJDwzK_9flexorama5agentNtB4_5Agent22apply_plan_mode_prompt
FN:1135,_RNvMs_NtCsa6QFEuJDwzK_9flexorama5agentNtB4_5Agent22set_permission_handler
FN:1211,_RNvMs_NtCsa6QFEuJDwzK_9flexorama5agentNtB4_5Agent23current_conversation_id
FN:630,_RNvMs_NtCsa6QFEuJDwzK_9flexorama5agentNtB4_5Agent23force_refresh_mcp_tools
FN:341,_RNvMs_NtCsa6QFEuJDwzK_9flexorama5agentNtB4_5Agent23load_plan_for_execution
FN:265,_RNvMs_NtCsa6QFEuJDwzK_9flexorama5agentNtB4_5Agent25apply_plan_mode_filtering
FN:1405,_RNvMs_NtCsa6QFEuJDwzK_9flexorama5agentNtB4_5Agent25execute_tool_with_display
FN:1344,_RNvMs_NtCsa6QFEuJDwzK_9flexorama5agentNtB4_5Agent25filter_tools_for_subagent
FN:1126,_RNvMs_NtCsa6QFEuJDwzK_9flexorama5agentNtB4_5Agent25get_bash_security_manager
FN:1131,_RNvMs_NtCsa6QFEuJDwzK_9flexorama5agentNtB4_5Agent25get_file_security_manager
FN:1252,_RNvMs_NtCsa6QFEuJDwzK_9flexorama5agentNtB4_5Agent25list_recent_conversations
FN:746,_RNvMs_NtCsa6QFEuJDwzK_9flexorama5agentNtB4_5Agent27process_message_with_stream
FN:1396,_RNvMs_NtCsa6QFEuJDwzK_9flexorama5agentNtB4_5Agent33clear_conversation_keep_agents_md
FN:1222,_RNvMs_NtCsa6QFEuJDwzK_9flexorama5agentNtB4_5Agent35sync_todos_for_current_conversation
FN:1232,_RNvMs_NtCsa6QFEuJDwzK_9flexorama5agentNtB4_5Agent36store_todos_for_current_conversation
FN:140,_RNvMs_NtCsa6QFEuJDwzK_9flexorama5agentNtB4_5Agent3new
FN:1159,_RNvMs_NtCsa6QFEuJDwzK_9flexorama5agentNtB4_5Agent5model
FN:1154,_RNvMs_NtCsa6QFEuJDwzK_9flexorama5agentNtB4_5Agent8provider
FN:1098,_RNvMs_NtCsa6QFEuJDwzK_9flexorama5agentNtB4_5Agent9get_todos
FN:1164,_RNvMs_NtCsa6QFEuJDwzK_9flexorama5agentNtB4_5Agent9plan_mode
FN:1169,_RNvMs_NtCsa6QFEuJDwzK_9flexorama5agentNtB4_5Agent9set_model
FN:1644,_RNvNtCsa6QFEuJDwzK_9flexorama5agent12is_todo_tool
FN:2320,_RNvNtNtCsa6QFEuJDwzK_9flexorama5agent5testss_22snapshot_message_clone
FN:1749,_RNvNtNtCsa6QFEuJDwzK_9flexorama5agent5testss_24agent_new_with_yolo_mode
FN:1938,_RNvNtNtCsa6QFEuJDwzK_9flexorama5agent5testss_27model_returns_current_model
FN:2351,_RNvNtNtCsa6QFEuJDwzK_9flexorama5agent5testss_28stream_tool_event_serializes
FN:1866,_RNvNtNtCsa6QFEuJDwzK_9flexorama5agent5testss_29clean_message_with_only_files
FN:1653,_RNvNtNtCsa6QFEuJDwzK_9flexorama5agent5testss_29token_usage_tracks_and_resets
FN:2265,_RNvNtNtCsa6QFEuJDwzK_9flexorama5agent5testss_30exit_subagent_restores_context
FN:1930,_RNvNtNtCsa6QFEuJDwzK_9flexorama5agent5testss_30provider_returns_correct_value
FN:1946,_RNvNtNtCsa6QFEuJDwzK_9flexorama5agent5testss_31plan_mode_returns_current_state
FN:2332,_RNvNtNtCsa6QFEuJDwzK_9flexorama5agent5testss_32saved_conversation_context_clone
FN:2176,_RNvNtNtCsa6QFEuJDwzK_9flexorama5agent5testss_32switch_to_subagent_saves_context
FN:2241,_RNvNtNtCsa6QFEuJDwzK_9flexorama5agent5testss_32switch_to_subagent_updates_model
FN:1899,_RNvNtNtCsa6QFEuJDwzK_9flexorama5agent5testss_33get_token_usage_returns_reference
FN:1830,_RNvNtNtCsa6QFEuJDwzK_9flexorama5agent5testss_34extract_context_files_from_message
FN:1732,_RNvNtNtCsa6QFEuJDwzK_9flexorama5agent5testss_35agent_new_initializes_with_defaults
FN:2009,_RNvNtNtCsa6QFEuJDwzK_9flexorama5agent5testss_35get_system_prompt_returns_set_value
FN:1914,_RNvNtNtCsa6QFEuJDwzK_9flexorama5agent5testss_35reset_token_usage_clears_all_counts
FN:2035,_RNvNtNtCsa6QFEuJDwzK_9flexorama5agent5testss_35set_plan_mode_to_same_value_is_noop
FN:1854,_RNvNtNtCsa6QFEuJDwzK_9flexorama5agent5testss_36clean_message_removes_at_file_syntax
FN:1802,_RNvNtNtCsa6QFEuJDwzK_9flexorama5agent5testss_36derive_plan_title_from_first_heading
FN:2047,_RNvNtNtCsa6QFEuJDwzK_9flexorama5agent5testss_36set_plan_mode_enabling_filters_tools
FN:1788,_RNvNtNtCsa6QFEuJDwzK_9flexorama5agent5testss_37apply_plan_mode_prompt_saves_original
FN:1676,_RNvNtNtCsa6QFEuJDwzK_9flexorama5agent5testss_37new_with_plan_mode_controls_bash_tool
FN:1967,_RNvNtNtCsa6QFEuJDwzK_9flexorama5agent5testss_38conversation_len_returns_message_count
FN:1809,_RNvNtNtCsa6QFEuJDwzK_9flexorama5agent5testss_38derive_plan_title_from_multiple_hashes
FN:2367,_RNvNtNtCsa6QFEuJDwzK_9flexorama5agent5testss_38new_with_plan_mode_adds_use_skill_tool
FN:2069,_RNvNtNtCsa6QFEuJDwzK_9flexorama5agent5testss_38set_plan_mode_disabling_restores_tools
FN:1823,_RNvNtNtCsa6QFEuJDwzK_9flexorama5agent5testss_40derive_plan_title_ignores_empty_headings
FN:2111,_RNvNtNtCsa6QFEuJDwzK_9flexorama5agent5testss_40filter_tools_for_subagent_removes_denied
FN:2211,_RNvNtNtCsa6QFEuJDwzK_9flexorama5agent5testss_40switch_to_subagent_updates_system_prompt
FN:2027,_RNvNtNtCsa6QFEuJDwzK_9flexorama5agent5testss_41get_active_skills_returns_empty_initially
FN:1880,_RNvNtNtCsa6QFEuJDwzK_9flexorama5agent5testss_41token_usage_accumulates_multiple_requests
FN:2309,_RNvNtNtCsa6QFEuJDwzK_9flexorama5agent5testss_42exit_subagent_without_saved_context_resets
FN:2091,_RNvNtNtCsa6QFEuJDwzK_9flexorama5agent5testss_42set_plan_mode_restores_saved_system_prompt
FN:1992,_RNvNtNtCsa6QFEuJDwzK_9flexorama5agent5testss_43active_subagent_name_returns_none_initially
FN:2000,_RNvNtNtCsa6QFEuJDwzK_9flexorama5agent5testss_43get_system_prompt_returns_default_initially
FN:1691,_RNvNtNtCsa6QFEuJDwzK_9flexorama5agent5testss_43snapshot_conversation_includes_seeded_state
FN:2142,_RNvNtNtCsa6QFEuJDwzK_9flexorama5agent5testss_44filter_tools_for_subagent_keeps_only_allowed
FN:1816,_RNvNtNtCsa6QFEuJDwzK_9flexorama5agent5testss_45derive_plan_title_returns_none_for_no_heading
FN:1984,_RNvNtNtCsa6QFEuJDwzK_9flexorama5agent5testss_46current_conversation_id_returns_none_initially
FN:1758,_RNvNtNtCsa6QFEuJDwzK_9flexorama5agent5testss_46set_system_prompt_updates_conversation_manager
FN:1774,_RNvNtNtCsa6QFEuJDwzK_9flexorama5agent5testss_49apply_plan_mode_prompt_preserves_existing_context
FN:2019,_RNvNtNtCsa6QFEuJDwzK_9flexorama5agent5testss_49database_manager_returns_none_when_not_configured
FN:1843,_RNvNtNtCsa6QFEuJDwzK_9flexorama5agent5testss_49extract_context_files_handles_multiple_at_symbols
FN:1956,_RNvNtNtCsa6QFEuJDwzK_9flexorama5agent5testss_51set_model_local_updates_both_agent_and_conversation
FNDA:0,_RNCNvMs_NtCsa6QFEuJDwzK_9flexorama5agentNtB6_5Agent22start_new_conversation0B8_
FNDA:0,_RNvMs_NtCsa6QFEuJDwzK_9flexorama5agentNtB4_5Agent16with_mcp_manager
FNDA:0,_RNvMs_NtCsa6QFEuJDwzK_9flexorama5agentNtB4_5Agent22start_new_conversation
FNDA:0,_RNCNCNCNvMs_NtCsa6QFEuJDwzK_9flexorama5agentNtBa_5Agent18new_with_plan_mode000Bc_
FNDA:0,_RNCNCNvMs_NtCsa6QFEuJDwzK_9flexorama5agentNtB8_5Agent11list_skills00Ba_
FNDA:39,_RNCNCNvMs_NtCsa6QFEuJDwzK_9flexorama5agentNtB8_5Agent13set_plan_mode00Ba_
FNDA:0,_RNCNCNvMs_NtCsa6QFEuJDwzK_9flexorama5agentNtB8_5Agent14activate_skill00Ba_
FNDA:0,_RNCNCNvMs_NtCsa6QFEuJDwzK_9flexorama5agentNtB8_5Agent14activate_skill0s_0Ba_
FNDA:1,_RNCNCNvMs_NtCsa6QFEuJDwzK_9flexorama5agentNtB8_5Agent16deactivate_skill00Ba_
FNDA:0,_RNCNCNvMs_NtCsa6QFEuJDwzK_9flexorama5agentNtB8_5Agent17refresh_mcp_tools00Ba_
FNDA:0,_RNCNCNvMs_NtCsa6QFEuJDwzK_9flexorama5agentNtB8_5Agent17refresh_mcp_tools0s_0Ba_
FNDA:0,_RNCNCNvMs_NtCsa6QFEuJDwzK_9flexorama5agentNtB8_5Agent18new_with_plan_mode00Ba_
FNDA:0,_RNCNCNvMs_NtCsa6QFEuJDwzK_9flexorama5agentNtB8_5Agent19resume_conversation00Ba_
FNDA:0,_RNCNCNvMs_NtCsa6QFEuJDwzK_9flexorama5agentNtB8_5Agent19resume_conversation0s_0Ba_
FNDA:0,_RNCNCNvMs_NtCsa6QFEuJDwzK_9flexorama5agentNtB8_5Agent21execute_tool_internal00Ba_
FNDA:0,_RNCNCNvMs_NtCsa6QFEuJDwzK_9flexorama5agentNtB8_5Agent21execute_tool_internal0s0_0Ba_
FNDA:0,_RNCNCNvMs_NtCsa6QFEuJDwzK_9flexorama5agentNtB8_5Agent21execute_tool_internal0s1_0Ba_
FNDA:0,_RNCNCNvMs_NtCsa6QFEuJDwzK_9flexorama5agentNtB8_5Agent21execute_tool_internal0s_0Ba_
FNDA:0,_RNCNCNvMs_NtCsa6QFEuJDwzK_9flexorama5agentNtB8_5Agent23load_plan_for_execution00Ba_
FNDA:0,_RNCNCNvMs_NtCsa6QFEuJDwzK_9flexorama5agentNtB8_5Agent23load_plan_for_execution0s0_0Ba_
FNDA:0,_RNCNCNvMs_NtCsa6QFEuJDwzK_9flexorama5agentNtB8_5Agent23load_plan_for_execution0s_0Ba_
FNDA:39,_RNCNCNvMs_NtCsa6QFEuJDwzK_9flexorama5agentNtB8_5Agent25apply_plan_mode_filtering00Ba_
FNDA:0,_RNCNCNvMs_NtCsa6QFEuJDwzK_9flexorama5agentNtB8_5Agent25execute_tool_with_display00Ba_
FNDA:0,_RNCNCNvMs_NtCsa6QFEuJDwzK_9flexorama5agentNtB8_5Agent25execute_tool_with_display0s_0Ba_
FNDA:0,_RNCNCNvMs_NtCsa6QFEuJDwzK_9flexorama5agentNtB8_5Agent25list_recent_conversations00Ba_
FNDA:0,_RNCNCNvMs_NtCsa6QFEuJDwzK_9flexorama5agentNtB8_5Agent27process_message_with_stream00Ba_
FNDA:0,_RNCNCNvMs_NtCsa6QFEuJDwzK_9flexorama5agentNtB8_5Agent27process_message_with_stream0s0_0Ba_
FNDA:0,_RNCNCNvMs_NtCsa6QFEuJDwzK_9flexorama5agentNtB8_5Agent27process_message_with_stream0s_0Ba_
FNDA:0,_RNCNvMs_NtCsa6QFEuJDwzK_9flexorama5agentNtB6_5Agent11list_skills0B8_
FNDA:0,_RNCNvMs_NtCsa6QFEuJDwzK_9flexorama5agentNtB6_5Agent12create_skill0B8_
FNDA:0,_RNCNvMs_NtCsa6QFEuJDwzK_9flexorama5agentNtB6_5Agent12delete_skill0B8_
FNDA:0,_RNCNvMs_NtCsa6QFEuJDwzK_9flexorama5agentNtB6_5Agent12persist_plan0B8_
FNDA:0,_RNCNvMs_NtCsa6QFEuJDwzK_9flexorama5agentNtB6_5Agent12update_skill0B8_
FNDA:2,_RNCNvMs_NtCsa6QFEuJDwzK_9flexorama5agentNtB6_5Agent13exit_subagent0B8_
FNDA:0,_RNCNvMs_NtCsa6QFEuJDwzK_9flexorama5agentNtB6_5Agent13get_todos_for0B8_
FNDA:6,_RNCNvMs_NtCsa6QFEuJDwzK_9flexorama5agentNtB6_5Agent13set_plan_mode0B8_
FNDA:1,_RNCNvMs_NtCsa6QFEuJDwzK_9flexorama5agentNtB6_5Agent14activate_skill0B8_
FNDA:0,_RNCNvMs_NtCsa6QFEuJDwzK_9flexorama5agentNtB6_5Agent15process_message0B8_
FNDA:60,_RNCNvMs_NtCsa6QFEuJDwzK_9flexorama5agentNtB6_5Agent16add_context_file0B8_
FNDA:1,_RNCNvMs_NtCsa6QFEuJDwzK_9flexorama5agentNtB6_5Agent16deactivate_skill0B8_
FNDA:6,_RNCNvMs_NtCsa6QFEuJDwzK_9flexorama5agentNtB6_5Agent17derive_plan_title0B8_
FNDA:0,_RNCNvMs_NtCsa6QFEuJDwzK_9flexorama5agentNtB6_5Agent17refresh_mcp_tools0B8_
FNDA:81,_RNCNvMs_NtCsa6QFEuJDwzK_9flexorama5agentNtB6_5Agent18new_with_plan_mode0B8_
FNDA:4,_RNCNvMs_NtCsa6QFEuJDwzK_9flexorama5agentNtB6_5Agent18switch_to_subagent0B8_
FNDA:81,_RNCNvMs_NtCsa6QFEuJDwzK_9flexorama5agentNtB6_5Agent19fetch_ollama_models0B8_
FNDA:0,_RNCNvMs_NtCsa6QFEuJDwzK_9flexorama5agentNtB6_5Agent19get_config_for_save0B8_
FNDA:0,_RNCNvMs_NtCsa6QFEuJDwzK_9flexorama5agentNtB6_5Agent19resume_conversation0B8_
FNDA:0,_RNCNvMs_NtCsa6QFEuJDwzK_9flexorama5agentNtB6_5Agent20get_available_models0B8_
FNDA:0,_RNCNvMs_NtCsa6QFEuJDwzK_9flexorama5agentNtB6_5Agent21execute_tool_internal0B8_
FNDA:2,_RNCNvMs_NtCsa6QFEuJDwzK_9flexorama5agentNtB6_5Agent21snapshot_conversation0B8_
FNDA:0,_RNCNvMs_NtCsa6QFEuJDwzK_9flexorama5agentNtB6_5Agent21todo_conversation_key0B8_
FNDA:1,_RNCNvMs_NtCsa6QFEuJDwzK_9flexorama5agentNtB6_5Agent21todo_conversation_keys0_0B8_
FNDA:11,_RNCNvMs_NtCsa6QFEuJDwzK_9flexorama5agentNtB6_5Agent21todo_conversation_keys_0B8_
FNDA:0,_RNCNvMs_NtCsa6QFEuJDwzK_9flexorama5agentNtB6_5Agent22set_permission_handler0B8_
FNDA:5,_RNCNvMs_NtCsa6QFEuJDwzK_9flexorama5agentNtB6_5Agent23force_refresh_mcp_tools0B8_
FNDA:0,_RNCNvMs_NtCsa6QFEuJDwzK_9flexorama5agentNtB6_5Agent23load_plan_for_execution0B8_
FNDA:81,_RNCNvMs_NtCsa6QFEuJDwzK_9flexorama5agentNtB6_5Agent25apply_plan_mode_filtering0B8_
FNDA:0,_RNCNvMs_NtCsa6QFEuJDwzK_9flexorama5agentNtB6_5Agent25execute_tool_with_display0B8_
FNDA:12,_RNCNvMs_NtCsa6QFEuJDwzK_9flexorama5agentNtB6_5Agent25filter_tools_for_subagent0B8_
FNDA:0,_RNCNvMs_NtCsa6QFEuJDwzK_9flexorama5agentNtB6_5Agent25list_recent_conversations0B8_
FNDA:0,_RNCNvMs_NtCsa6QFEuJDwzK_9flexorama5agentNtB6_5Agent27process_message_with_stream0B8_
FNDA:1,_RNCNvMs_NtCsa6QFEuJDwzK_9flexorama5agentNtB6_5Agent33clear_conversation_keep_agents_md0B8_
FNDA:11,_RNCNvMs_NtCsa6QFEuJDwzK_9flexorama5agentNtB6_5Agent35sync_todos_for_current_conversation0B8_
FNDA:0,_RNCNvMs_NtCsa6QFEuJDwzK_9flexorama5agentNtB6_5Agent36store_todos_for_current_conversation0B8_
FNDA:1344,_RNCNvMs_NtCsa6QFEuJDwzK_9flexorama5agentNtB6_5Agent3new0B8_
FNDA:784,_RNCNvMs_NtCsa6QFEuJDwzK_9flexorama5agentNtB6_5Agent3news_0B8_
FNDA:0,_RNCNvMs_NtCsa6QFEuJDwzK_9flexorama5agentNtB6_5Agent9get_todos0B8_
FNDA:1,_RNCNvMs_NtCsa6QFEuJDwzK_9flexorama5agentNtB6_5Agent9set_model0B8_
FNDA:12,_RNCNCNvNtNtCsa6QFEuJDwzK_9flexorama5agent5testss_40filter_tools_for_subagent_removes_denied00B9_
FNDA:12,_RNCNCNvNtNtCsa6QFEuJDwzK_9flexorama5agent5testss_44filter_tools_for_subagent_keeps_only_allowed00B9_
FNDA:1,_RNCNvNtNtCsa6QFEuJDwzK_9flexorama5agent5testss_30exit_subagent_restores_context0B7_
FNDA:1,_RNCNvNtNtCsa6QFEuJDwzK_9flexorama5agent5testss_32switch_to_subagent_saves_context0B7_
FNDA:1,_RNCNvNtNtCsa6QFEuJDwzK_9flexorama5agent5testss_32switch_to_subagent_updates_model0B7_
FNDA:1,_RNCNvNtNtCsa6QFEuJDwzK_9flexorama5agent5testss_35set_plan_mode_to_same_value_is_noop0B7_
FNDA:1,_RNCNvNtNtCsa6QFEuJDwzK_9flexorama5agent5testss_36set_plan_mode_enabling_filters_tools0B7_
FNDA:1,_RNCNvNtNtCsa6QFEuJDwzK_9flexorama5agent5testss_37new_with_plan_mode_controls_bash_tool0B7_
FNDA:1,_RNCNvNtNtCsa6QFEuJDwzK_9flexorama5agent5testss_38new_with_plan_mode_adds_use_skill_tool0B7_
FNDA:1,_RNCNvNtNtCsa6QFEuJDwzK_9flexorama5agent5testss_38set_plan_mode_disabling_restores_tools0B7_
FNDA:1,_RNCNvNtNtCsa6QFEuJDwzK_9flexorama5agent5testss_40filter_tools_for_subagent_removes_denied0B7_
FNDA:1,_RNCNvNtNtCsa6QFEuJDwzK_9flexorama5agent5testss_40switch_to_subagent_updates_system_prompt0B7_
FNDA:1,_RNCNvNtNtCsa6QFEuJDwzK_9flexorama5agent5testss_42exit_subagent_without_saved_context_resets0B7_
FNDA:1,_RNCNvNtNtCsa6QFEuJDwzK_9flexorama5agent5testss_42set_plan_mode_restores_saved_system_prompt0B7_
FNDA:1,_RNCNvNtNtCsa6QFEuJDwzK_9flexorama5agent5testss_44filter_tools_for_subagent_keeps_only_allowed0B7_
FNDA:7,_RNvMNtCsa6QFEuJDwzK_9flexorama5agentNtB2_10TokenUsage12total_tokens
FNDA:114,_RNvMNtCsa6QFEuJDwzK_9flexorama5agentNtB2_10TokenUsage3new
FNDA:3,_RNvMNtCsa6QFEuJDwzK_9flexorama5agentNtB2_10TokenUsage5reset
FNDA:5,_RNvMNtCsa6QFEuJDwzK_9flexorama5agentNtB2_10TokenUsage9add_usage
FNDA:0,_RNvMs_NtCsa6QFEuJDwzK_9flexorama5agentNtB4_5Agent11list_skills
FNDA:0,_RNvMs_NtCsa6QFEuJDwzK_9flexorama5agentNtB4_5Agent12create_skill
FNDA:0,_RNvMs_NtCsa6QFEuJDwzK_9flexorama5agentNtB4_5Agent12delete_skill
FNDA:0,_RNvMs_NtCsa6QFEuJDwzK_9flexorama5agentNtB4_5Agent12persist_plan
FNDA:0,_RNvMs_NtCsa6QFEuJDwzK_9flexorama5agentNtB4_5Agent12todos_handle
FNDA:0,_RNvMs_NtCsa6QFEuJDwzK_9flexorama5agentNtB4_5Agent12update_skill
FNDA:2,_RNvMs_NtCsa6QFEuJDwzK_9flexorama5agentNtB4_5Agent13clean_message
FNDA:2,_RNvMs_NtCsa6QFEuJDwzK_9flexorama5agentNtB4_5Agent13exit_subagent
FNDA:0,_RNvMs_NtCsa6QFEuJDwzK_9flexorama5agentNtB4_5Agent13get_todos_for
FNDA:6,_RNvMs_NtCsa6QFEuJDwzK_9flexorama5agentNtB4_5Agent13set_plan_mode
FNDA:1,_RNvMs_NtCsa6QFEuJDwzK_9flexorama5agentNtB4_5Agent14activate_skill
FNDA:85,_RNvMs_NtCsa6QFEuJDwzK_9flexorama5agentNtB4_5Agent14add_core_tools
FNDA:1,_RNvMs_NtCsa6QFEuJDwzK_9flexorama5agentNtB4_5Agent15display_context
FNDA:6,_RNvMs_NtCsa6QFEuJDwzK_9flexorama5agentNtB4_5Agent15get_token_usage
FNDA:0,_RNvMs_NtCsa6QFEuJDwzK_9flexorama5agentNtB4_5Agent15process_message
FNDA:5,_RNvMs_NtCsa6QFEuJDwzK_9flexorama5agentNtB4_5Agent15set_model_local
FNDA:60,_RNvMs_NtCsa6QFEuJDwzK_9flexorama5agentNtB4_5Agent16add_context_file
FNDA:1,_RNvMs_NtCsa6QFEuJDwzK_9flexorama5agentNtB4_5Agent16conversation_len
FNDA:2,_RNvMs_NtCsa6QFEuJDwzK_9flexorama5agentNtB4_5Agent16database_manager
FNDA:1,_RNvMs_NtCsa6QFEuJDwzK_9flexorama5agentNtB4_5Agent16deactivate_skill
FNDA:0,_RNvMs_NtCsa6QFEuJDwzK_9flexorama5agentNtB4_5Agent16display_provider
FNDA:1,_RNvMs_NtCsa6QFEuJDwzK_9flexorama5agentNtB4_5Agent16is_subagent_mode
FNDA:4,_RNvMs_NtCsa6QFEuJDwzK_9flexorama5agentNtB4_5Agent17derive_plan_title
FNDA:5,_RNvMs_NtCsa6QFEuJDwzK_9flexorama5agentNtB4_5Agent17get_active_skills
FNDA:3,_RNvMs_NtCsa6QFEuJDwzK_9flexorama5agentNtB4_5Agent17get_system_prompt
FNDA:0,_RNvMs_NtCsa6QFEuJDwzK_9flexorama5agentNtB4_5Agent17refresh_mcp_tools
FNDA:2,_RNvMs_NtCsa6QFEuJDwzK_9flexorama5agentNtB4_5Agent17reset_token_usage
FNDA:7,_RNvMs_NtCsa6QFEuJDwzK_9flexorama5agentNtB4_5Agent17set_system_prompt
FNDA:81,_RNvMs_NtCsa6QFEuJDwzK_9flexorama5agentNtB4_5Agent18new_with_plan_mode
FNDA:4,_RNvMs_NtCsa6QFEuJDwzK_9flexorama5agentNtB4_5Agent18switch_to_subagent
FNDA:40,_RNvMs_NtCsa6QFEuJDwzK_9flexorama5agentNtB4_5Agent18with_skill_manager
FNDA:81,_RNvMs_NtCsa6QFEuJDwzK_9flexorama5agentNtB4_5Agent19fetch_ollama_models
FNDA:0,_RNvMs_NtCsa6QFEuJDwzK_9flexorama5agentNtB4_5Agent19get_config_for_save
FNDA:0,_RNvMs_NtCsa6QFEuJDwzK_9flexorama5agentNtB4_5Agent19resume_conversation
FNDA:6,_RNvMs_NtCsa6QFEuJDwzK_9flexorama5agentNtB4_5Agent20active_subagent_name
FNDA:0,_RNvMs_NtCsa6QFEuJDwzK_9flexorama5agentNtB4_5Agent20get_available_models
FNDA:0,_RNvMs_NtCsa6QFEuJDwzK_9flexorama5agentNtB4_5Agent21execute_tool_internal
FNDA:2,_RNvMs_NtCsa6QFEuJDwzK_9flexorama5agentNtB4_5Agent21extract_context_files
FNDA:3,_RNvMs_NtCsa6QFEuJDwzK_9flexorama5agentNtB4_5Agent21snapshot_conversation
FNDA:11,_RNvMs_NtCsa6QFEuJDwzK_9flexorama5agentNtB4_5Agent21todo_conversation_key
FNDA:40,_RNvMs_NtCsa6QFEuJDwzK_9flexorama5agentNtB4_5Agent21with_database_manager
FNDA:5,_RNvMs_NtCsa6QFEuJDwzK_9flexorama5agentNtB4_5Agent22apply_plan_mode_prompt
FNDA:0,_RNvMs_NtCsa6QFEuJDwzK_9flexorama5agentNtB4_5Agent22set_permission_handler
FNDA:1,_RNvMs_NtCsa6QFEuJDwzK_9flexorama5agentNtB4_5Agent23current_conversation_id
FNDA:5,_RNvMs_NtCsa6QFEuJDwzK_9flexorama5agentNtB4_5Agent23force_refresh_mcp_tools
FNDA:0,_RNvMs_NtCsa6QFEuJDwzK_9flexorama5agentNtB4_5Agent23load_plan_for_execution
FNDA:81,_RNvMs_NtCsa6QFEuJDwzK_9flexorama5agentNtB4_5Agent25apply_plan_mode_filtering
FNDA:0,_RNvMs_NtCsa6QFEuJDwzK_9flexorama5agentNtB4_5Agent25execute_tool_with_display
FNDA:6,_RNvMs_NtCsa6QFEuJDwzK_9flexorama5agentNtB4_5Agent25filter_tools_for_subagent
FNDA:1,_RNvMs_NtCsa6QFEuJDwzK_9flexorama5agentNtB4_5Agent25get_bash_security_manager
FNDA:1,_RNvMs_NtCsa6QFEuJDwzK_9flexorama5agentNtB4_5Agent25get_file_security_manager
FNDA:0,_RNvMs_NtCsa6QFEuJDwzK_9flexorama5agentNtB4_5Agent25list_recent_conversations
FNDA:0,_RNvMs_NtCsa6QFEuJDwzK_9flexorama5agentNtB4_5Agent27process_message_with_stream
FNDA:1,_RNvMs_NtCsa6QFEuJDwzK_9flexorama5agentNtB4_5Agent33clear_conversation_keep_agents_md
FNDA:11,_RNvMs_NtCsa6QFEuJDwzK_9flexorama5agentNtB4_5Agent35sync_todos_for_current_conversation
FNDA:0,_RNvMs_NtCsa6QFEuJDwzK_9flexorama5agentNtB4_5Agent36store_todos_for_current_conversation
FNDA:112,_RNvMs_NtCsa6QFEuJDwzK_9flexorama5agentNtB4_5Agent3new
FNDA:3,_RNvMs_NtCsa6QFEuJDwzK_9flexorama5agentNtB4_5Agent5model
FNDA:2,_RNvMs_NtCsa6QFEuJDwzK_9flexorama5agentNtB4_5Agent8provider
FNDA:0,_RNvMs_NtCsa6QFEuJDwzK_9flexorama5agentNtB4_5Agent9get_todos
FNDA:3,_RNvMs_NtCsa6QFEuJDwzK_9flexorama5agentNtB4_5Agent9plan_mode
FNDA:1,_RNvMs_NtCsa6QFEuJDwzK_9flexorama5agentNtB4_5Agent9set_model
FNDA:0,_RNvNtCsa6QFEuJDwzK_9flexorama5agent12is_todo_tool
FNDA:1,_RNvNtNtCsa6QFEuJDwzK_9flexorama5agent5testss_22snapshot_message_clone
FNDA:1,_RNvNtNtCsa6QFEuJDwzK_9flexorama5agent5testss_24agent_new_with_yolo_mode
FNDA:1,_RNvNtNtCsa6QFEuJDwzK_9flexorama5agent5testss_27model_returns_current_model
FNDA:1,_RNvNtNtCsa6QFEuJDwzK_9flexorama5agent5testss_28stream_tool_event_serializes
FNDA:1,_RNvNtNtCsa6QFEuJDwzK_9flexorama5agent5testss_29clean_message_with_only_files
FNDA:1,_RNvNtNtCsa6QFEuJDwzK_9flexorama5agent5testss_29token_usage_tracks_and_resets
FNDA:1,_RNvNtNtCsa6QFEuJDwzK_9flexorama5agent5testss_30exit_subagent_restores_context
FNDA:1,_RNvNtNtCsa6QFEuJDwzK_9flexorama5agent5testss_30provider_returns_correct_value
FNDA:1,_RNvNtNtCsa6QFEuJDwzK_9flexorama5agent5testss_31plan_mode_returns_current_state
FNDA:1,_RNvNtNtCsa6QFEuJDwzK_9flexorama5agent5testss_32saved_conversation_context_clone
FNDA:1,_RNvNtNtCsa6QFEuJDwzK_9flexorama5agent5testss_32switch_to_subagent_saves_context
FNDA:1,_RNvNtNtCsa6QFEuJDwzK_9flexorama5agent5testss_32switch_to_subagent_updates_model
FNDA:1,_RNvNtNtCsa6QFEuJDwzK_9flexorama5agent5testss_33get_token_usage_returns_reference
FNDA:1,_RNvNtNtCsa6QFEuJDwzK_9flexorama5agent5testss_34extract_context_files_from_message
FNDA:1,_RNvNtNtCsa6QFEuJDwzK_9flexorama5agent5testss_35agent_new_initializes_with_defaults
FNDA:1,_RNvNtNtCsa6QFEuJDwzK_9flexorama5agent5testss_35get_system_prompt_returns_set_value
FNDA:1,_RNvNtNtCsa6QFEuJDwzK_9flexorama5agent5testss_35reset_token_usage_clears_all_counts
FNDA:1,_RNvNtNtCsa6QFEuJDwzK_9flexorama5agent5testss_35set_plan_mode_to_same_value_is_noop
FNDA:1,_RNvNtNtCsa6QFEuJDwzK_9flexorama5agent5testss_36clean_message_removes_at_file_syntax
FNDA:1,_RNvNtNtCsa6QFEuJDwzK_9flexorama5agent5testss_36derive_plan_title_from_first_heading
FNDA:1,_RNvNtNtCsa6QFEuJDwzK_9flexorama5agent5testss_36set_plan_mode_enabling_filters_tools
FNDA:1,_RNvNtNtCsa6QFEuJDwzK_9flexorama5agent5testss_37apply_plan_mode_prompt_saves_original
FNDA:1,_RNvNtNtCsa6QFEuJDwzK_9flexorama5agent5testss_37new_with_plan_mode_controls_bash_tool
FNDA:1,_RNvNtNtCsa6QFEuJDwzK_9flexorama5agent5testss_38conversation_len_returns_message_count
FNDA:1,_RNvNtNtCsa6QFEuJDwzK_9flexorama5agent5testss_38derive_plan_title_from_multiple_hashes
FNDA:1,_RNvNtNtCsa6QFEuJDwzK_9flexorama5agent5testss_38new_with_plan_mode_adds_use_skill_tool
FNDA:1,_RNvNtNtCsa6QFEuJDwzK_9flexorama5agent5testss_38set_plan_mode_disabling_restores_tools
FNDA:1,_RNvNtNtCsa6QFEuJDwzK_9flexorama5agent5testss_40derive_plan_title_ignores_empty_headings
FNDA:1,_RNvNtNtCsa6QFEuJDwzK_9flexorama5agent5testss_40filter_tools_for_subagent_removes_denied
FNDA:1,_RNvNtNtCsa6QFEuJDwzK_9flexorama5agent5testss_40switch_to_subagent_updates_system_prompt
FNDA:1,_RNvNtNtCsa6QFEuJDwzK_9flexorama5agent5testss_41get_active_skills_returns_empty_initially
FNDA:1,_RNvNtNtCsa6QFEuJDwzK_9flexorama5agent5testss_41token_usage_accumulates_multiple_requests
FNDA:1,_RNvNtNtCsa6QFEuJDwzK_9flexorama5agent5testss_42exit_subagent_without_saved_context_resets
FNDA:1,_RNvNtNtCsa6QFEuJDwzK_9flexorama5agent5testss_42set_plan_mode_restores_saved_system_prompt
FNDA:1,_RNvNtNtCsa6QFEuJDwzK_9flexorama5agent5testss_43active_subagent_name_returns_none_initially
FNDA:1,_RNvNtNtCsa6QFEuJDwzK_9flexorama5agent5testss_43get_system_prompt_returns_default_initially
FNDA:1,_RNvNtNtCsa6QFEuJDwzK_9flexorama5agent5testss_43snapshot_conversation_includes_seeded_state
FNDA:1,_RNvNtNtCsa6QFEuJDwzK_9flexorama5agent5testss_44filter_tools_for_subagent_keeps_only_allowed
FNDA:1,_RNvNtNtCsa6QFEuJDwzK_9flexorama5agent5testss_45derive_plan_title_returns_none_for_no_heading
FNDA:1,_RNvNtNtCsa6QFEuJDwzK_9flexorama5agent5testss_46current_conversation_id_returns_none_initially
FNDA:1,_RNvNtNtCsa6QFEuJDwzK_9flexorama5agent5testss_46set_system_prompt_updates_conversation_manager
FNDA:1,_RNvNtNtCsa6QFEuJDwzK_9flexorama5agent5testss_49apply_plan_mode_prompt_preserves_existing_context
FNDA:1,_RNvNtNtCsa6QFEuJDwzK_9flexorama5agent5testss_49database_manager_returns_none_when_not_configured
FNDA:1,_RNvNtNtCsa6QFEuJDwzK_9flexorama5agent5testss_49extract_context_files_handles_multiple_at_symbols
FNDA:1,_RNvNtNtCsa6QFEuJDwzK_9flexorama5agent5testss_51set_model_local_updates_both_agent_and_conversation
FNF:195
FNH:128
DA:66,114
DA:67,114
DA:68,114
DA:69,114
DA:70,114
DA:71,114
DA:72,114
DA:74,5
DA:75,5
DA:76,5
DA:77,5
DA:78,5
DA:80,7
DA:81,7
DA:82,7
DA:84,3
DA:85,3
DA:86,3
DA:87,3
DA:88,3
DA:122,3
DA:123,3
DA:124,3
DA:125,3
DA:126,3
DA:127,3
DA:128,2
DA:129,2
DA:130,2
DA:131,3
DA:133,3
DA:134,3
DA:135,3
DA:136,3
DA:137,3
DA:138,3
DA:139,3
DA:140,112
DA:141,112
DA:142,112
DA:143,112
DA:144,112
DA:145,1344
DA:146,112
DA:149,112
DA:150,112
DA:154,112
DA:155,112
DA:159,112
DA:160,112
DA:163,112
DA:166,112
DA:167,112
DA:170,112
DA:171,112
DA:172,784
DA:173,112
DA:174,112
DA:176,112
DA:177,112
DA:178,112
DA:179,112
DA:180,112
DA:181,112
DA:182,112
DA:183,112
DA:184,112
DA:185,112
DA:186,112
DA:187,112
DA:188,112
DA:189,112
DA:190,112
DA:191,112
DA:192,112
DA:193,112
DA:194,112
DA:195,112
DA:196,112
DA:197,112
DA:198,112
DA:199,112
DA:202,81
DA:203,81
DA:204,81
DA:205,81
DA:206,81
DA:207,81
DA:208,81
DA:211,81
DA:212,78
DA:213,78
DA:214,78
DA:215,78
DA:216,78
DA:217,78
DA:220,3
DA:224,81
DA:225,81
DA:226,81
DA:228,81
DA:229,81
DA:230,81
DA:231,81
DA:232,81
DA:233,81
DA:234,81
DA:235,81
DA:238,81
DA:240,81
DA:241,0
DA:243,0
DA:244,0
DA:245,0
DA:246,0
DA:247,0
DA:248,0
DA:249,0
DA:250,81
DA:256,81
DA:259,81
DA:261,81
DA:262,81
DA:265,81
DA:266,81
DA:267,3
DA:268,3
DA:271,39
DA:272,78
DA:273,81
DA:274,81
DA:277,81
DA:278,81
DA:280,0
DA:281,0
DA:282,0
DA:285,0
DA:286,0
DA:287,0
DA:288,0
DA:289,0
DA:291,0
DA:292,0
DA:295,81
DA:296,81
DA:297,81
DA:300,0
DA:301,0
DA:302,0
DA:304,4
DA:305,6
DA:306,6
DA:307,6
DA:308,5
DA:309,5
DA:310,3
DA:312,2
DA:315,1
DA:317,6
DA:318,4
DA:320,0
DA:321,0
DA:322,0
DA:323,0
DA:324,0
DA:325,0
DA:326,0
DA:327,0
DA:328,0
DA:329,0
DA:331,0
DA:332,0
DA:334,0
DA:337,0
DA:338,0
DA:341,0
DA:342,0
DA:343,0
DA:344,0
DA:345,0
DA:346,0
DA:347,0
DA:349,0
DA:350,0
DA:351,0
DA:352,0
DA:355,0
DA:357,0
DA:358,0
DA:359,0
DA:360,0
DA:361,0
DA:362,0
DA:366,0
DA:367,0
DA:369,0
DA:370,0
DA:371,0
DA:372,0
DA:374,40
DA:375,40
DA:376,40
DA:377,40
DA:379,40
DA:380,40
DA:381,40
DA:382,40
DA:383,40
DA:384,40
DA:385,40
DA:388,0
DA:389,0
DA:390,0
DA:391,0
DA:392,0
DA:393,0
DA:394,0
DA:395,0
DA:397,0
DA:399,0
DA:402,0
DA:403,0
DA:404,0
DA:405,0
DA:406,0
DA:408,0
DA:410,0
DA:413,0
DA:414,0
DA:415,0
DA:416,0
DA:417,0
DA:419,0
DA:421,0
DA:424,0
DA:425,0
DA:426,0
DA:427,0
DA:428,0
DA:430,0
DA:431,0
DA:432,0
DA:433,0
DA:435,0
DA:437,0
DA:440,1
DA:441,1
DA:442,1
DA:445,1
DA:446,1
DA:447,1
DA:448,1
DA:451,1
DA:454,1
DA:455,1
DA:456,1
DA:459,1
DA:462,1
DA:463,0
DA:464,0
DA:467,1
DA:468,0
DA:469,1
DA:471,1
DA:472,1
DA:474,0
DA:476,1
DA:479,1
DA:480,1
DA:482,1
DA:485,1
DA:489,1
DA:492,1
DA:494,1
DA:495,1
DA:497,13
DA:498,12
DA:499,12
DA:503,1
DA:505,1
DA:506,1
DA:508,0
DA:510,1
DA:513,5
DA:514,5
DA:515,5
DA:525,85
DA:526,85
DA:527,85
DA:528,85
DA:529,85
DA:530,85
DA:531,85
DA:538,85
DA:539,80
DA:540,80
DA:541,80
DA:544,85
DA:545,80
DA:546,80
DA:547,80
DA:549,85
DA:550,80
DA:551,80
DA:552,80
DA:554,85
DA:555,80
DA:556,80
DA:557,80
DA:558,80
DA:560,85
DA:561,80
DA:562,80
DA:563,80
DA:564,80
DA:565,85
DA:568,0
DA:569,0
DA:570,0
DA:571,0
DA:572,0
DA:574,0
DA:576,0
DA:578,0
DA:579,0
DA:580,0
DA:581,0
DA:583,0
DA:584,0
DA:589,0
DA:590,0
DA:593,0
DA:594,0
DA:595,0
DA:596,0
DA:597,0
DA:602,0
DA:603,0
DA:604,0
DA:605,0
DA:606,0
DA:607,0
DA:608,0
DA:609,0
DA:610,0
DA:611,0
DA:612,0
DA:613,0
DA:614,0
DA:615,0
DA:616,0
DA:617,0
DA:618,0
DA:621,0
DA:622,0
DA:625,0
DA:626,0
DA:627,0
DA:630,5
DA:631,5
DA:632,0
DA:633,0
DA:634,5
DA:636,5
DA:638,0
DA:639,0
DA:642,5
DA:643,5
DA:644,5
DA:645,5
DA:646,5
DA:647,5
DA:650,5
DA:652,5
DA:655,7
DA:656,7
DA:657,7
DA:660,5
DA:661,5
DA:663,5
DA:664,5
DA:665,5
DA:666,5
DA:674,5
DA:675,5
DA:676,5
DA:677,5
DA:679,5
DA:680,5
DA:683,6
DA:684,6
DA:685,1
DA:686,5
DA:688,5
DA:691,5
DA:692,5
DA:694,3
DA:695,39
DA:696,2
DA:697,2
DA:698,2
DA:699,2
DA:700,2
DA:701,2
DA:702,2
DA:703,2
DA:704,2
DA:705,2
DA:708,5
DA:709,3
DA:710,3
DA:711,1
DA:712,1
DA:715,5
DA:716,2
DA:717,3
DA:719,5
DA:720,6
DA:723,60
DA:724,60
DA:725,60
DA:728,2
DA:729,2
DA:730,2
DA:733,2
DA:734,2
DA:735,2
DA:737,0
DA:738,0
DA:739,0
DA:740,0
DA:741,0
DA:742,0
DA:743,0
DA:744,0
DA:746,0
DA:747,0
DA:748,0
DA:749,0
DA:750,0
DA:751,0
DA:752,0
DA:754,0
DA:755,0
DA:756,0
DA:757,0
DA:761,0
DA:762,0
DA:763,0
DA:764,0
DA:765,0
DA:766,0
DA:767,0
DA:768,0
DA:776,0
DA:780,0
DA:781,0
DA:782,0
DA:783,0
DA:786,0
DA:787,0
DA:788,0
DA:789,0
DA:792,0
DA:793,0
DA:794,0
DA:795,0
DA:797,0
DA:798,0
DA:801,0
DA:802,0
DA:803,0
DA:804,0
DA:807,0
DA:808,0
DA:809,0
DA:811,0
DA:812,0
DA:813,0
DA:814,0
DA:815,0
DA:816,0
DA:817,0
DA:818,0
DA:819,0
DA:820,0
DA:821,0
DA:823,0
DA:824,0
DA:825,0
DA:826,0
DA:828,0
DA:829,0
DA:832,0
DA:833,0
DA:834,0
DA:838,0
DA:839,0
DA:840,0
DA:841,0
DA:842,0
DA:843,0
DA:844,0
DA:845,0
DA:849,0
DA:850,0
DA:851,0
DA:852,0
DA:853,0
DA:854,0
DA:855,0
DA:856,0
DA:857,0
DA:858,0
DA:859,0
DA:860,0
DA:861,0
DA:863,0
DA:864,0
DA:865,0
DA:866,0
DA:867,0
DA:868,0
DA:869,0
DA:870,0
DA:871,0
DA:872,0
DA:873,0
DA:876,0
DA:877,0
DA:878,0
DA:879,0
DA:880,0
DA:881,0
DA:882,0
DA:883,0
DA:884,0
DA:885,0
DA:891,0
DA:892,0
DA:893,0
DA:894,0
DA:895,0
DA:897,0
DA:899,0
DA:900,0
DA:901,0
DA:904,0
DA:905,0
DA:906,0
DA:907,0
DA:908,0
DA:909,0
DA:911,0
DA:912,0
DA:915,0
DA:917,0
DA:920,0
DA:921,0
DA:922,0
DA:923,0
DA:925,0
DA:926,0
DA:927,0
DA:928,0
DA:929,0
DA:930,0
DA:931,0
DA:932,0
DA:933,0
DA:936,0
DA:937,0
DA:938,0
DA:941,0
DA:942,0
DA:943,0
DA:945,0
DA:946,0
DA:947,0
DA:949,0
DA:951,0
DA:952,0
DA:953,0
DA:955,0
DA:956,0
DA:957,0
DA:958,0
DA:959,0
DA:961,0
DA:962,0
DA:963,0
DA:965,0
DA:966,0
DA:967,0
DA:968,0
DA:969,0
DA:970,0
DA:971,0
DA:972,0
DA:973,0
DA:974,0
DA:977,0
DA:978,0
DA:979,0
DA:980,0
DA:981,0
DA:984,0
DA:985,0
DA:986,0
DA:987,0
DA:988,0
DA:989,0
DA:990,0
DA:991,0
DA:994,0
DA:995,0
DA:996,0
DA:997,0
DA:999,0
DA:1000,0
DA:1001,0
DA:1003,0
DA:1004,0
DA:1005,0
DA:1006,0
DA:1007,0
DA:1008,0
DA:1009,0
DA:1010,0
DA:1011,0
DA:1012,0
DA:1013,0
DA:1014,0
DA:1015,0
DA:1016,0
DA:1018,0
DA:1020,0
DA:1023,0
DA:1025,0
DA:1026,0
DA:1027,0
DA:1028,0
DA:1031,0
DA:1032,0
DA:1033,0
DA:1034,0
DA:1035,0
DA:1036,0
DA:1038,0
DA:1040,0
DA:1041,0
DA:1044,0
DA:1045,0
DA:1046,0
DA:1047,0
DA:1048,0
DA:1049,0
DA:1050,0
DA:1051,0
DA:1052,0
DA:1053,0
DA:1056,0
DA:1057,0
DA:1058,0
DA:1061,0
DA:1062,0
DA:1063,0
DA:1064,0
DA:1065,0
DA:1068,0
DA:1069,0
DA:1070,0
DA:1071,0
DA:1072,0
DA:1073,0
DA:1075,0
DA:1077,0
DA:1078,0
DA:1079,0
DA:1080,0
DA:1081,0
DA:1082,0
DA:1084,6
DA:1085,6
DA:1086,6
DA:1088,2
DA:1089,2
DA:1090,2
DA:1093,1
DA:1094,1
DA:1095,1
DA:1098,0
DA:1099,0
DA:1100,0
DA:1102,0
DA:1103,0
DA:1104,0
DA:1105,0
DA:1106,0
DA:1107,0
DA:1108,0
DA:1109,0
DA:1110,0
DA:1111,0
DA:1112,0
DA:1113,0
DA:1115,0
DA:1116,0
DA:1117,0
DA:1118,0
DA:1119,0
DA:1121,0
DA:1122,0
DA:1123,0
DA:1126,1
DA:1127,1
DA:1128,1
DA:1131,1
DA:1132,1
DA:1133,1
DA:1135,0
DA:1136,0
DA:1137,0
DA:1138,0
DA:1139,0
DA:1140,0
DA:1141,0
DA:1142,0
DA:1143,0
DA:1146,0
DA:1147,0
DA:1148,0
DA:1149,0
DA:1150,0
DA:1151,0
DA:1154,2
DA:1155,2
DA:1156,2
DA:1159,3
DA:1160,3
DA:1161,3
DA:1164,3
DA:1165,3
DA:1166,3
DA:1169,1
DA:1170,1
DA:1171,1
DA:1172,1
DA:1173,1
DA:1174,1
DA:1176,5
DA:1177,5
DA:1178,5
DA:1179,5
DA:1182,0
DA:1186,0
DA:1187,0
DA:1190,0
DA:1191,0
DA:1192,0
DA:1193,0
DA:1194,0
DA:1195,0
DA:1196,0
DA:1197,0
DA:1198,0
DA:1199,0
DA:1200,0
DA:1201,0
DA:1202,0
DA:1203,0
DA:1206,2
DA:1207,2
DA:1208,2
DA:1211,1
DA:1212,1
DA:1213,1
DA:1215,11
DA:1216,11
DA:1217,11
DA:1218,11
DA:1219,11
DA:1220,11
DA:1222,11
DA:1223,11
DA:1224,11
DA:1225,11
DA:1226,11
DA:1228,11
DA:1229,11
DA:1230,11
DA:1232,0
DA:1233,0
DA:1234,0
DA:1235,0
DA:1236,0
DA:1237,0
DA:1238,0
DA:1239,0
DA:1242,6
DA:1243,6
DA:1244,6
DA:1247,1
DA:1248,1
DA:1249,1
DA:1252,0
DA:1253,0
DA:1254,0
DA:1255,0
DA:1256,0
DA:1257,0
DA:1258,0
DA:1259,0
DA:1260,0
DA:1261,0
DA:1263,0
DA:1264,0
DA:1265,0
DA:1266,0
DA:1269,0
DA:1270,0
DA:1271,0
DA:1272,0
DA:1273,0
DA:1274,0
DA:1276,0
DA:1277,0
DA:1278,0
DA:1279,0
DA:1281,0
DA:1282,0
DA:1283,0
DA:1284,0
DA:1285,0
DA:1286,0
DA:1288,0
DA:1289,0
DA:1290,0
DA:1291,0
DA:1292,0
DA:1293,0
DA:1294,0
DA:1295,0
DA:1297,0
DA:1299,0
DA:1300,0
DA:1303,0
DA:1304,0
DA:1305,0
DA:1306,0
DA:1307,0
DA:1309,4
DA:1310,4
DA:1311,4
DA:1312,4
DA:1314,4
DA:1315,4
DA:1316,4
DA:1317,4
DA:1318,4
DA:1319,4
DA:1322,4
DA:1325,4
DA:1328,4
DA:1329,3
DA:1330,3
DA:1333,4
DA:1334,4
DA:1335,4
DA:1338,4
DA:1339,4
DA:1341,4
DA:1342,4
DA:1344,6
DA:1345,6
DA:1346,6
DA:1347,6
DA:1348,6
DA:1350,7
DA:1351,1
DA:1352,1
DA:1355,6
DA:1356,12
DA:1357,5
DA:1358,6
DA:1360,2
DA:1362,2
DA:1365,2
DA:1366,1
DA:1367,1
DA:1368,1
DA:1369,1
DA:1370,1
DA:1371,1
DA:1372,1
DA:1373,1
DA:1374,1
DA:1375,2
DA:1378,2
DA:1379,2
DA:1380,2
DA:1382,1
DA:1383,1
DA:1384,1
DA:1385,1
DA:1386,1
DA:1387,1
DA:1388,1
DA:1389,1
DA:1390,1
DA:1392,3
DA:1393,3
DA:1394,3
DA:1396,1
DA:1397,1
DA:1398,1
DA:1399,1
DA:1400,1
DA:1401,1
DA:1402,1
DA:1405,0
DA:1406,0
DA:1407,0
DA:1408,0
DA:1409,0
DA:1410,0
DA:1411,0
DA:1412,0
DA:1414,0
DA:1415,0
DA:1418,0
DA:1419,0
DA:1422,0
DA:1425,0
DA:1428,0
DA:1429,0
DA:1430,0
DA:1431,0
DA:1432,0
DA:1433,0
DA:1434,0
DA:1436,0
DA:1437,0
DA:1438,0
DA:1441,0
DA:1442,0
DA:1443,0
DA:1445,0
DA:1446,0
DA:1449,0
DA:1451,0
DA:1452,0
DA:1454,0
DA:1455,0
DA:1456,0
DA:1457,0
DA:1459,0
DA:1460,0
DA:1461,0
DA:1463,0
DA:1464,0
DA:1465,0
DA:1466,0
DA:1468,0
DA:1469,0
DA:1470,0
DA:1471,0
DA:1472,0
DA:1474,0
DA:1475,0
DA:1476,0
DA:1477,0
DA:1482,0
DA:1483,0
DA:1484,0
DA:1485,0
DA:1486,0
DA:1487,0
DA:1488,0
DA:1489,0
DA:1490,0
DA:1491,0
DA:1495,0
DA:1496,0
DA:1500,0
DA:1501,0
DA:1502,0
DA:1503,0
DA:1504,0
DA:1508,0
DA:1509,0
DA:1510,0
DA:1511,0
DA:1512,0
DA:1513,0
DA:1516,0
DA:1517,0
DA:1518,0
DA:1519,0
DA:1520,0
DA:1521,0
DA:1523,0
DA:1525,0
DA:1526,0
DA:1527,0
DA:1528,0
DA:1529,0
DA:1530,0
DA:1532,0
DA:1533,0
DA:1534,0
DA:1535,0
DA:1536,0
DA:1537,0
DA:1538,0
DA:1539,0
DA:1540,0
DA:1542,0
DA:1543,0
DA:1544,0
DA:1545,0
DA:1546,0
DA:1547,0
DA:1548,0
DA:1552,0
DA:1553,0
DA:1554,0
DA:1555,0
DA:1556,0
DA:1558,0
DA:1560,0
DA:1561,0
DA:1564,0
DA:1565,0
DA:1566,0
DA:1567,0
DA:1568,0
DA:1570,0
DA:1571,0
DA:1573,0
DA:1574,0
DA:1575,0
DA:1576,0
DA:1577,0
DA:1579,0
DA:1580,0
DA:1582,0
DA:1583,0
DA:1584,0
DA:1585,0
DA:1586,0
DA:1588,0
DA:1589,0
DA:1591,0
DA:1592,0
DA:1593,0
DA:1594,0
DA:1595,0
DA:1597,0
DA:1598,0
DA:1600,0
DA:1601,0
DA:1602,0
DA:1603,0
DA:1604,0
DA:1606,0
DA:1607,0
DA:1609,0
DA:1610,0
DA:1611,0
DA:1612,0
DA:1613,0
DA:1614,0
DA:1615,0
DA:1617,0
DA:1618,0
DA:1619,0
DA:1620,0
DA:1621,0
DA:1622,0
DA:1623,0
DA:1625,0
DA:1626,0
DA:1627,0
DA:1628,0
DA:1629,0
DA:1632,0
DA:1634,0
DA:1635,0
DA:1636,0
DA:1637,0
DA:1638,0
DA:1639,0
DA:1641,0
DA:1644,0
DA:1645,0
DA:1646,0
DA:1653,1
DA:1654,1
DA:1655,1
DA:1656,1
DA:1657,1
DA:1658,1
DA:1660,1
DA:1662,1
DA:1663,1
DA:1664,1
DA:1665,1
DA:1667,1
DA:1669,1
DA:1670,1
DA:1671,1
DA:1672,1
DA:1673,1
DA:1676,1
DA:1677,1
DA:1679,1
DA:1680,1
DA:1681,1
DA:1682,1
DA:1684,1
DA:1685,1
DA:1686,1
DA:1687,1
DA:1688,1
DA:1691,1
DA:1692,1
DA:1693,1
DA:1694,1
DA:1699,1
DA:1700,1
DA:1701,1
DA:1702,1
DA:1703,1
DA:1704,1
DA:1705,1
DA:1706,1
DA:1707,1
DA:1709,1
DA:1710,1
DA:1711,1
DA:1713,1
DA:1715,1
DA:1716,1
DA:1717,1
DA:1718,1
DA:1719,1
DA:1720,1
DA:1721,1
DA:1724,1
DA:1725,1
DA:1726,1
DA:1729,1
DA:1732,1
DA:1733,1
DA:1734,1
DA:1736,1
DA:1737,1
DA:1738,1
DA:1739,1
DA:1740,1
DA:1741,1
DA:1742,1
DA:1743,1
DA:1744,1
DA:1745,1
DA:1746,1
DA:1749,1
DA:1750,1
DA:1751,1
DA:1753,1
DA:1754,1
DA:1755,1
DA:1758,1
DA:1759,1
DA:1760,1
DA:1763,1
DA:1765,1
DA:1767,1
DA:1768,1
DA:1771,1
DA:1774,1
DA:1775,1
DA:1776,1
DA:1778,1
DA:1779,1
DA:1781,1
DA:1782,1
DA:1783,1
DA:1784,1
DA:1785,1
DA:1788,1
DA:1789,1
DA:1790,1
DA:1792,1
DA:1793,1
DA:1795,1
DA:1797,1
DA:1799,1
DA:1802,1
DA:1803,1
DA:1804,1
DA:1805,1
DA:1806,1
DA:1809,1
DA:1810,1
DA:1811,1
DA:1812,1
DA:1813,1
DA:1816,1
DA:1817,1
DA:1818,1
DA:1819,1
DA:1820,1
DA:1823,1
DA:1824,1
DA:1825,1
DA:1826,1
DA:1827,1
DA:1830,1
DA:1831,1
DA:1832,1
DA:1834,1
DA:1835,1
DA:1837,1
DA:1838,1
DA:1839,1
DA:1840,1
DA:1843,1
DA:1844,1
DA:1845,1
DA:1847,1
DA:1848,1
DA:1850,1
DA:1851,1
DA:1854,1
DA:1855,1
DA:1856,1
DA:1858,1
DA:1859,1
DA:1861,1
DA:1862,1
DA:1863,1
DA:1866,1
DA:1867,1
DA:1868,1
DA:1870,1
DA:1871,1
DA:1875,1
DA:1876,1
DA:1877,1
DA:1880,1
DA:1881,1
DA:1883,1
DA:1884,1
DA:1885,1
DA:1886,1
DA:1887,1
DA:1888,1
DA:1889,1
DA:1890,1
DA:1892,1
DA:1893,1
DA:1894,1
DA:1895,1
DA:1896,1
DA:1899,1
DA:1900,1
DA:1901,1
DA:1903,1
DA:1904,1
DA:1905,1
DA:1906,1
DA:1908,1
DA:1909,1
DA:1910,1
DA:1911,1
DA:1914,1
DA:1915,1
DA:1916,1
DA:1918,1
DA:1919,1
DA:1920,1
DA:1921,1
DA:1922,1
DA:1924,1
DA:1925,1
DA:1926,1
DA:1927,1
DA:1930,1
DA:1931,1
DA:1932,1
DA:1934,1
DA:1935,1
DA:1938,1
DA:1939,1
DA:1940,1
DA:1942,1
DA:1943,1
DA:1946,1
DA:1947,1
DA:1948,1
DA:1949,1
DA:1951,1
DA:1952,1
DA:1953,1
DA:1956,1
DA:1957,1
DA:1958,1
DA:1960,1
DA:1962,1
DA:1963,1
DA:1964,1
DA:1967,1
DA:1968,1
DA:1969,1
DA:1971,1
DA:1972,1
DA:1973,1
DA:1974,1
DA:1975,1
DA:1976,1
DA:1977,1
DA:1978,1
DA:1980,1
DA:1981,1
DA:1984,1
DA:1985,1
DA:1986,1
DA:1988,1
DA:1989,1
DA:1992,1
DA:1993,1
DA:1994,1
DA:1996,1
DA:1997,1
DA:2000,1
DA:2001,1
DA:2002,1
DA:2005,1
DA:2006,1
DA:2009,1
DA:2010,1
DA:2011,1
DA:2013,1
DA:2015,1
DA:2016,1
DA:2019,1
DA:2020,1
DA:2021,1
DA:2023,1
DA:2024,1
DA:2027,1
DA:2028,1
DA:2029,1
DA:2031,1
DA:2032,1
DA:2035,1
DA:2036,1
DA:2037,1
DA:2038,1
DA:2040,1
DA:2042,1
DA:2043,1
DA:2044,1
DA:2047,1
DA:2048,1
DA:2049,1
DA:2050,1
DA:2052,1
DA:2053,1
DA:2054,1
DA:2056,1
DA:2058,1
DA:2060,1
DA:2061,1
DA:2062,1
DA:2064,1
DA:2065,1
DA:2066,1
DA:2069,1
DA:2070,1
DA:2071,1
DA:2072,1
DA:2074,1
DA:2075,1
DA:2076,1
DA:2078,1
DA:2080,1
DA:2082,1
DA:2083,1
DA:2084,1
DA:2086,1
DA:2087,1
DA:2088,1
DA:2091,1
DA:2092,1
DA:2093,1
DA:2094,1
DA:2096,1
DA:2097,1
DA:2099,1
DA:2100,1
DA:2102,1
DA:2104,1
DA:2105,1
DA:2106,1
DA:2107,1
DA:2108,1
DA:2111,1
DA:2113,1
DA:2114,1
DA:2116,1
DA:2117,1
DA:2118,12
DA:2119,1
DA:2121,1
DA:2122,1
DA:2124,1
DA:2125,1
DA:2126,1
DA:2127,1
DA:2128,1
DA:2129,1
DA:2130,1
DA:2131,1
DA:2132,1
DA:2133,1
DA:2134,1
DA:2136,1
DA:2138,1
DA:2139,1
DA:2142,1
DA:2144,1
DA:2145,1
DA:2147,1
DA:2148,1
DA:2149,12
DA:2150,1
DA:2152,1
DA:2153,1
DA:2154,1
DA:2156,1
DA:2157,1
DA:2158,1
DA:2159,1
DA:2160,1
DA:2161,1
DA:2162,1
DA:2163,1
DA:2164,1
DA:2165,1
DA:2166,1
DA:2168,1
DA:2170,1
DA:2171,1
DA:2172,1
DA:2173,1
DA:2176,1
DA:2178,1
DA:2179,1
DA:2181,1
DA:2182,1
DA:2183,1
DA:2184,1
DA:2185,1
DA:2186,1
DA:2188,1
DA:2189,1
DA:2190,1
DA:2191,1
DA:2192,1
DA:2193,1
DA:2194,1
DA:2195,1
DA:2196,1
DA:2197,1
DA:2198,1
DA:2200,1
DA:2202,1
DA:2203,1
DA:2204,1
DA:2205,1
DA:2206,1
DA:2207,1
DA:2208,1
DA:2211,1
DA:2213,1
DA:2214,1
DA:2216,1
DA:2217,1
DA:2218,1
DA:2219,1
DA:2220,1
DA:2221,1
DA:2222,1
DA:2223,1
DA:2224,1
DA:2225,1
DA:2226,1
DA:2228,1
DA:2230,1
DA:2231,1
DA:2234,1
DA:2235,1
DA:2236,1
DA:2237,1
DA:2238,1
DA:2241,1
DA:2243,1
DA:2244,1
DA:2246,1
DA:2247,1
DA:2248,1
DA:2249,1
DA:2250,1
DA:2251,1
DA:2252,1
DA:2253,1
DA:2254,1
DA:2255,1
DA:2256,1
DA:2258,1
DA:2260,1
DA:2261,1
DA:2262,1
DA:2265,1
DA:2267,1
DA:2268,1
DA:2270,1
DA:2271,1
DA:2272,1
DA:2273,1
DA:2274,1
DA:2275,1
DA:2277,1
DA:2278,1
DA:2279,1
DA:2280,1
DA:2281,1
DA:2282,1
DA:2283,1
DA:2284,1
DA:2285,1
DA:2286,1
DA:2287,1
DA:2289,1
DA:2290,1
DA:2292,1
DA:2293,1
DA:2294,1
DA:2297,1
DA:2298,1
DA:2299,1
DA:2300,1
DA:2301,1
DA:2304,1
DA:2305,1
DA:2306,1
DA:2309,1
DA:2310,1
DA:2311,1
DA:2313,1
DA:2315,1
DA:2316,1
DA:2317,1
DA:2320,1
DA:2321,1
DA:2322,1
DA:2323,1
DA:2324,1
DA:2326,1
DA:2327,1
DA:2328,1
DA:2329,1
DA:2332,1
DA:2333,1
DA:2334,1
DA:2335,1
DA:2336,1
DA:2337,1
DA:2338,1
DA:2339,1
DA:2340,1
DA:2341,1
DA:2343,1
DA:2344,1
DA:2345,1
DA:2346,1
DA:2347,1
DA:2348,1
DA:2351,1
DA:2352,1
DA:2353,1
DA:2354,1
DA:2355,1
DA:2356,1
DA:2357,1
DA:2358,1
DA:2359,1
DA:2361,1
DA:2362,1
DA:2363,1
DA:2364,1
DA:2367,1
DA:2368,1
DA:2369,1
DA:2371,1
DA:2372,1
DA:2373,1
BRF:0
BRH:0
LF:1703
LH:975
end_of_record
SF:/home/user/flexorama/src/anthropic.rs
FN:69,_RNvMNtCsa6QFEuJDwzK_9flexorama9anthropicNtB2_12ContentBlock11tool_result
FN:41,_RNvMNtCsa6QFEuJDwzK_9flexorama9anthropicNtB2_12ContentBlock4text
FN:55,_RNvMNtCsa6QFEuJDwzK_9flexorama9anthropicNtB2_12ContentBlock8tool_use
FN:271,_RNvMs_NtCsa6QFEuJDwzK_9flexorama9anthropicNtB4_15AnthropicClient12try_endpoint
FN:162,_RNvMs_NtCsa6QFEuJDwzK_9flexorama9anthropicNtB4_15AnthropicClient14create_message
FN:148,_RNvMs_NtCsa6QFEuJDwzK_9flexorama9anthropicNtB4_15AnthropicClient19endpoint_candidates
FN:387,_RNvMs_NtCsa6QFEuJDwzK_9flexorama9anthropicNtB4_15AnthropicClient19try_endpoint_stream
FN:215,_RNvMs_NtCsa6QFEuJDwzK_9flexorama9anthropicNtB4_15AnthropicClient21create_message_stream
FN:140,_RNvMs_NtCsa6QFEuJDwzK_9flexorama9anthropicNtB4_15AnthropicClient3new
FN:289,_RNCNCNvMs_NtCsa6QFEuJDwzK_9flexorama9anthropicNtB8_15AnthropicClient12try_endpoint00Ba_
FN:368,_RNCNCNvMs_NtCsa6QFEuJDwzK_9flexorama9anthropicNtB8_15AnthropicClient12try_endpoint0s0_0Ba_
FN:369,_RNCNCNvMs_NtCsa6QFEuJDwzK_9flexorama9anthropicNtB8_15AnthropicClient12try_endpoint0s1_0Ba_
FN:367,_RNCNCNvMs_NtCsa6QFEuJDwzK_9flexorama9anthropicNtB8_15AnthropicClient12try_endpoint0s_0Ba_
FN:406,_RNCNCNvMs_NtCsa6QFEuJDwzK_9flexorama9anthropicNtB8_15AnthropicClient19try_endpoint_stream00Ba_
FN:281,_RNCNvMs_NtCsa6QFEuJDwzK_9flexorama9anthropicNtB6_15AnthropicClient12try_endpoint0B8_
FN:171,_RNCNvMs_NtCsa6QFEuJDwzK_9flexorama9anthropicNtB6_15AnthropicClient14create_message0B8_
FN:398,_RNCNvMs_NtCsa6QFEuJDwzK_9flexorama9anthropicNtB6_15AnthropicClient19try_endpoint_stream0B8_
FN:225,_RNCNvMs_NtCsa6QFEuJDwzK_9flexorama9anthropicNtB6_15AnthropicClient21create_message_stream0B8_
FNDA:4,_RNvMNtCsa6QFEuJDwzK_9flexorama9anthropicNtB2_12ContentBlock11tool_result
FNDA:91,_RNvMNtCsa6QFEuJDwzK_9flexorama9anthropicNtB2_12ContentBlock4text
FNDA:5,_RNvMNtCsa6QFEuJDwzK_9flexorama9anthropicNtB2_12ContentBlock8tool_use
FNDA:2,_RNvMs_NtCsa6QFEuJDwzK_9flexorama9anthropicNtB4_15AnthropicClient12try_endpoint
FNDA:2,_RNvMs_NtCsa6QFEuJDwzK_9flexorama9anthropicNtB4_15AnthropicClient14create_message
FNDA:4,_RNvMs_NtCsa6QFEuJDwzK_9flexorama9anthropicNtB4_15AnthropicClient19endpoint_candidates
FNDA:2,_RNvMs_NtCsa6QFEuJDwzK_9flexorama9anthropicNtB4_15AnthropicClient19try_endpoint_stream
FNDA:2,_RNvMs_NtCsa6QFEuJDwzK_9flexorama9anthropicNtB4_15AnthropicClient21create_message_stream
FNDA:116,_RNvMs_NtCsa6QFEuJDwzK_9flexorama9anthropicNtB4_15AnthropicClient3new
FNDA:0,_RNCNCNvMs_NtCsa6QFEuJDwzK_9flexorama9anthropicNtB8_15AnthropicClient12try_endpoint00Ba_
FNDA:0,_RNCNCNvMs_NtCsa6QFEuJDwzK_9flexorama9anthropicNtB8_15AnthropicClient12try_endpoint0s0_0Ba_
FNDA:0,_RNCNCNvMs_NtCsa6QFEuJDwzK_9flexorama9anthropicNtB8_15AnthropicClient12try_endpoint0s1_0Ba_
FNDA:0,_RNCNCNvMs_NtCsa6QFEuJDwzK_9flexorama9anthropicNtB8_15AnthropicClient12try_endpoint0s_0Ba_
FNDA:0,_RNCNCNvMs_NtCsa6QFEuJDwzK_9flexorama9anthropicNtB8_15AnthropicClient19try_endpoint_stream00Ba_
FNDA:2,_RNCNvMs_NtCsa6QFEuJDwzK_9flexorama9anthropicNtB6_15AnthropicClient12try_endpoint0B8_
FNDA:2,_RNCNvMs_NtCsa6QFEuJDwzK_9flexorama9anthropicNtB6_15AnthropicClient14create_message0B8_
FNDA:2,_RNCNvMs_NtCsa6QFEuJDwzK_9flexorama9anthropicNtB6_15AnthropicClient19try_endpoint_stream0B8_
FNDA:2,_RNCNvMs_NtCsa6QFEuJDwzK_9flexorama9anthropicNtB6_15AnthropicClient21create_message_stream0B8_
FNF:18
FNH:13
DA:41,91
DA:42,91
DA:43,91
DA:44,91
DA:45,91
DA:46,91
DA:47,91
DA:48,91
DA:49,91
DA:50,91
DA:51,91
DA:52,91
DA:53,91
DA:55,5
DA:56,5
DA:57,5
DA:58,5
DA:59,5
DA:60,5
DA:61,5
DA:62,5
DA:63,5
DA:64,5
DA:65,5
DA:66,5
DA:67,5
DA:69,4
DA:70,4
DA:71,4
DA:72,4
DA:73,4
DA:74,4
DA:75,4
DA:76,4
DA:77,4
DA:78,4
DA:79,4
DA:80,4
DA:81,4
DA:140,116
DA:141,116
DA:142,116
DA:143,116
DA:144,116
DA:145,116
DA:146,116
DA:148,4
DA:149,4
DA:150,4
DA:152,4
DA:153,0
DA:154,4
DA:155,4
DA:156,4
DA:158,4
DA:159,4
DA:160,4
DA:162,2
DA:163,2
DA:164,2
DA:165,2
DA:166,2
DA:167,2
DA:168,2
DA:169,2
DA:170,2
DA:171,2
DA:173,2
DA:175,2
DA:176,2
DA:177,2
DA:178,2
DA:179,2
DA:180,2
DA:181,2
DA:182,2
DA:183,2
DA:184,2
DA:185,2
DA:187,2
DA:189,2
DA:190,2
DA:194,0
DA:200,0
DA:201,0
DA:202,0
DA:203,0
DA:204,0
DA:205,0
DA:206,0
DA:207,0
DA:208,0
DA:209,0
DA:210,0
DA:211,0
DA:212,0
DA:213,2
DA:215,2
DA:216,2
DA:217,2
DA:218,2
DA:219,2
DA:220,2
DA:221,2
DA:222,2
DA:223,2
DA:224,2
DA:225,2
DA:227,2
DA:229,2
DA:230,2
DA:231,2
DA:232,2
DA:233,2
DA:234,2
DA:235,2
DA:236,2
DA:237,2
DA:238,2
DA:239,2
DA:240,2
DA:242,2
DA:244,2
DA:245,2
DA:249,0
DA:255,0
DA:256,0
DA:257,0
DA:258,0
DA:259,0
DA:260,0
DA:261,0
DA:262,0
DA:263,0
DA:264,0
DA:265,0
DA:266,0
DA:267,0
DA:268,0
DA:269,2
DA:271,2
DA:272,2
DA:273,2
DA:274,2
DA:275,2
DA:276,2
DA:277,2
DA:278,2
DA:279,2
DA:280,2
DA:281,2
DA:282,2
DA:283,2
DA:286,0
DA:287,0
DA:288,0
DA:289,0
DA:290,0
DA:291,0
DA:292,0
DA:293,0
DA:297,2
DA:298,2
DA:299,2
DA:300,2
DA:301,2
DA:302,2
DA:303,2
DA:304,2
DA:305,2
DA:308,2
DA:309,2
DA:310,2
DA:311,2
DA:312,0
DA:313,2
DA:316,2
DA:317,0
DA:318,2
DA:320,2
DA:321,2
DA:322,2
DA:323,2
DA:324,2
DA:325,2
DA:326,2
DA:327,2
DA:328,2
DA:330,2
DA:331,2
DA:332,0
DA:333,0
DA:334,0
DA:335,0
DA:336,0
DA:337,0
DA:338,0
DA:339,0
DA:340,2
DA:343,2
DA:346,2
DA:347,2
DA:350,2
DA:351,2
DA:352,2
DA:353,2
DA:354,0
DA:355,0
DA:358,2
DA:359,2
DA:361,0
DA:363,0
DA:364,0
DA:366,0
DA:367,0
DA:368,0
DA:369,0
DA:371,0
DA:372,0
DA:373,0
DA:374,0
DA:376,0
DA:377,0
DA:378,0
DA:379,0
DA:381,0
DA:385,2
DA:387,2
DA:388,2
DA:389,2
DA:390,2
DA:391,2
DA:392,2
DA:393,2
DA:394,2
DA:395,2
DA:396,2
DA:397,2
DA:398,2
DA:399,2
DA:400,2
DA:403,0
DA:404,0
DA:405,0
DA:406,0
DA:407,0
DA:408,0
DA:409,0
DA:410,0
DA:414,2
DA:415,2
DA:416,2
DA:417,2
DA:418,2
DA:419,2
DA:420,2
DA:421,2
DA:422,2
DA:425,2
DA:426,2
DA:427,2
DA:428,0
DA:429,2
DA:432,2
DA:433,0
DA:434,2
DA:436,2
DA:437,2
DA:438,2
DA:439,2
DA:440,2
DA:441,2
DA:442,2
DA:443,2
DA:444,2
DA:446,2
DA:447,2
DA:448,0
DA:449,0
DA:450,0
DA:451,0
DA:452,0
DA:453,0
DA:454,0
DA:455,0
DA:456,2
DA:459,2
DA:460,2
DA:461,2
DA:462,2
DA:463,2
DA:465,2
DA:467,4
DA:469,2
DA:470,0
DA:471,2
DA:473,2
DA:474,2
DA:475,2
DA:476,2
DA:477,2
DA:480,10
DA:481,10
DA:482,10
DA:483,10
DA:485,10
DA:487,10
DA:488,2
DA:489,8
DA:491,8
DA:492,8
DA:493,0
DA:496,8
DA:497,8
DA:498,2
DA:499,2
DA:500,2
DA:501,0
DA:504,2
DA:505,2
DA:506,2
DA:507,2
DA:508,0
DA:509,0
DA:510,0
DA:513,0
DA:516,0
DA:517,0
DA:522,0
DA:524,0
DA:525,0
DA:526,0
DA:527,0
DA:528,0
DA:529,0
DA:530,0
DA:531,0
DA:532,0
DA:533,0
DA:534,0
DA:535,0
DA:536,0
DA:537,0
DA:538,0
DA:539,0
DA:540,0
DA:541,0
DA:544,0
DA:545,0
DA:550,0
DA:551,0
DA:553,6
DA:554,2
DA:555,2
DA:556,2
DA:558,0
DA:559,2
DA:560,2
DA:561,2
DA:562,2
DA:563,2
DA:564,0
DA:565,0
DA:568,0
DA:569,0
DA:572,0
DA:573,0
DA:575,0
DA:576,0
DA:579,0
DA:580,0
DA:581,0
DA:584,0
DA:585,0
DA:588,0
DA:589,0
DA:592,0
DA:593,0
DA:595,0
DA:596,0
DA:597,0
DA:599,4
DA:600,2
DA:602,0
DA:605,0
DA:606,0
DA:608,0
DA:609,0
DA:610,0
DA:611,0
DA:612,0
DA:615,0
DA:617,0
DA:618,0
DA:622,0
DA:623,0
DA:624,0
DA:625,2
DA:626,2
DA:627,2
DA:628,2
DA:629,2
DA:630,2
DA:632,2
DA:633,2
DA:636,0
DA:640,8
DA:641,0
DA:642,8
DA:643,0
DA:645,8
DA:647,0
DA:650,0
DA:652,0
DA:653,0
DA:659,2
DA:660,2
DA:661,2
DA:662,2
DA:663,2
BRF:0
BRH:0
LF:427
LH:266
end_of_record
SF:/home/user/flexorama/src/autocomplete.rs
FN:99,_RNvNtNtCsa6QFEuJDwzK_9flexorama12autocomplete5testss_23test_at_command_ignored
FN:61,_RNvNtNtCsa6QFEuJDwzK_9flexorama12autocomplete5testss_24test_multiple_at_symbols
FN:51,_RNvNtNtCsa6QFEuJDwzK_9flexorama12autocomplete5testss_29test_no_completion_without_at
FN:110,_RNvNtNtCsa6QFEuJDwzK_9flexorama12autocomplete5testss_29test_parent_traversal_blocked
FN:12,_RNvNtNtCsa6QFEuJDwzK_9flexorama12autocomplete5testss_30test_file_completion_in_middle
FN:39,_RNvNtNtCsa6QFEuJDwzK_9flexorama12autocomplete5testss_33test_file_completion_at_beginning
FN:76,_RNvNtNtCsa6QFEuJDwzK_9flexorama12autocomplete5testss_35test_command_completion_still_works
FN:25,_RNvNtNtCsa6QFEuJDwzK_9flexorama12autocomplete5testss_36test_file_completion_with_text_after
FN:88,_RNvNtNtCsa6QFEuJDwzK_9flexorama12autocomplete5testss_36test_no_command_completion_in_middle
FN:289,_RNCNvNtCsa6QFEuJDwzK_9flexorama12autocomplete18complete_file_path0B5_
FN:295,_RNCNvNtCsa6QFEuJDwzK_9flexorama12autocomplete18complete_file_paths0_0B5_
FN:290,_RNCNvNtCsa6QFEuJDwzK_9flexorama12autocomplete18complete_file_paths_0B5_
FN:120,_RNvNtCsa6QFEuJDwzK_9flexorama12autocomplete14get_completion
FN:276,_RNvNtCsa6QFEuJDwzK_9flexorama12autocomplete18complete_file_path
FN:335,_RNvNtCsa6QFEuJDwzK_9flexorama12autocomplete18find_common_prefix
FN:270,_RNvNtCsa6QFEuJDwzK_9flexorama12autocomplete18resolve_search_dir
FN:228,_RNvNtCsa6QFEuJDwzK_9flexorama12autocomplete21check_file_completion
FN:354,_RNvNtCsa6QFEuJDwzK_9flexorama12autocomplete21handle_tab_completion
FNDA:1,_RNvNtNtCsa6QFEuJDwzK_9flexorama12autocomplete5testss_23test_at_command_ignored
FNDA:1,_RNvNtNtCsa6QFEuJDwzK_9flexorama12autocomplete5testss_24test_multiple_at_symbols
FNDA:1,_RNvNtNtCsa6QFEuJDwzK_9flexorama12autocomplete5testss_29test_no_completion_without_at
FNDA:1,_RNvNtNtCsa6QFEuJDwzK_9flexorama12autocomplete5testss_29test_parent_traversal_blocked
FNDA:1,_RNvNtNtCsa6QFEuJDwzK_9flexorama12autocomplete5testss_30test_file_completion_in_middle
FNDA:1,_RNvNtNtCsa6QFEuJDwzK_9flexorama12autocomplete5testss_33test_file_completion_at_beginning
FNDA:1,_RNvNtNtCsa6QFEuJDwzK_9flexorama12autocomplete5testss_35test_command_completion_still_works
FNDA:1,_RNvNtNtCsa6QFEuJDwzK_9flexorama12autocomplete5testss_36test_file_completion_with_text_after
FNDA:1,_RNvNtNtCsa6QFEuJDwzK_9flexorama12autocomplete5testss_36test_no_command_completion_in_middle
FNDA:60,_RNCNvNtCsa6QFEuJDwzK_9flexorama12autocomplete18complete_file_path0B5_
FNDA:4,_RNCNvNtCsa6QFEuJDwzK_9flexorama12autocomplete18complete_file_paths0_0B5_
FNDA:60,_RNCNvNtCsa6QFEuJDwzK_9flexorama12autocomplete18complete_file_paths_0B5_
FNDA:9,_RNvNtCsa6QFEuJDwzK_9flexorama12autocomplete14get_completion
FNDA:5,_RNvNtCsa6QFEuJDwzK_9flexorama12autocomplete18complete_file_path
FNDA:0,_RNvNtCsa6QFEuJDwzK_9flexorama12autocomplete18find_common_prefix
FNDA:5,_RNvNtCsa6QFEuJDwzK_9flexorama12autocomplete18resolve_search_dir
FNDA:9,_RNvNtCsa6QFEuJDwzK_9flexorama12autocomplete21check_file_completion
FNDA:0,_RNvNtCsa6QFEuJDwzK_9flexorama12autocomplete21handle_tab_completion
FNF:18
FNH:16
DA:12,1
DA:14,1
DA:15,1
DA:16,1
DA:19,1
DA:20,1
DA:21,1
DA:22,1
DA:25,1
DA:27,1
DA:28,1
DA:29,1
DA:32,1
DA:33,1
DA:34,1
DA:35,1
DA:36,1
DA:39,1
DA:41,1
DA:42,1
DA:43,1
DA:45,1
DA:46,1
DA:47,1
DA:48,1
DA:51,1
DA:53,1
DA:54,1
DA:55,1
DA:57,1
DA:58,1
DA:61,1
DA:63,1
DA:64,1
DA:65,1
DA:68,1
DA:69,1
DA:70,1
DA:72,1
DA:73,1
DA:76,1
DA:78,1
DA:79,1
DA:80,1
DA:82,1
DA:83,1
DA:84,1
DA:85,1
DA:88,1
DA:90,1
DA:91,1
DA:92,1
DA:95,1
DA:96,1
DA:99,1
DA:101,1
DA:102,1
DA:103,1
DA:106,1
DA:107,1
DA:110,1
DA:111,1
DA:112,1
DA:113,1
DA:115,1
DA:116,1
DA:120,9
DA:121,9
DA:124,9
DA:126,9
DA:127,9
DA:128,9
DA:129,9
DA:130,9
DA:131,9
DA:132,9
DA:133,9
DA:134,9
DA:135,9
DA:136,9
DA:137,9
DA:141,9
DA:142,4
DA:143,5
DA:146,5
DA:147,1
DA:148,1
DA:149,1
DA:150,0
DA:154,0
DA:155,0
DA:156,0
DA:158,0
DA:159,0
DA:160,0
DA:161,0
DA:162,0
DA:163,0
DA:164,0
DA:165,0
DA:166,0
DA:167,0
DA:170,0
DA:171,0
DA:172,0
DA:173,0
DA:175,0
DA:178,0
DA:179,0
DA:180,0
DA:182,0
DA:183,0
DA:184,0
DA:185,0
DA:186,0
DA:187,0
DA:188,0
DA:189,0
DA:190,0
DA:191,0
DA:192,0
DA:195,0
DA:196,0
DA:197,0
DA:198,0
DA:200,0
DA:202,0
DA:203,0
DA:204,0
DA:206,0
DA:207,0
DA:208,0
DA:209,0
DA:210,0
DA:211,0
DA:212,0
DA:213,0
DA:216,0
DA:217,0
DA:218,0
DA:219,0
DA:221,0
DA:222,4
DA:224,4
DA:225,9
DA:228,9
DA:230,9
DA:232,9
DA:234,6
DA:235,6
DA:236,5
DA:238,1
DA:239,5
DA:242,5
DA:245,5
DA:246,5
DA:247,5
DA:248,5
DA:251,5
DA:253,4
DA:254,4
DA:255,4
DA:258,4
DA:259,4
DA:260,4
DA:261,4
DA:263,1
DA:266,3
DA:268,9
DA:270,5
DA:271,5
DA:272,5
DA:273,5
DA:276,5
DA:277,5
DA:278,1
DA:279,4
DA:280,0
DA:282,4
DA:285,5
DA:287,4
DA:288,4
DA:289,60
DA:290,60
DA:291,60
DA:292,60
DA:293,60
DA:294,60
DA:295,4
DA:296,4
DA:297,4
DA:298,4
DA:300,0
DA:302,4
DA:303,4
DA:305,4
DA:307,4
DA:308,4
DA:310,4
DA:311,4
DA:313,0
DA:315,4
DA:318,0
DA:319,0
DA:320,0
DA:322,0
DA:324,0
DA:327,0
DA:330,0
DA:332,5
DA:335,0
DA:336,0
DA:337,0
DA:338,0
DA:340,0
DA:341,0
DA:343,0
DA:344,0
DA:345,0
DA:346,0
DA:347,0
DA:350,0
DA:351,0
DA:354,0
DA:355,0
DA:357,0
DA:358,0
DA:359,0
DA:360,0
DA:361,0
DA:362,0
DA:363,0
DA:364,0
DA:365,0
DA:366,0
DA:367,0
DA:369,0
DA:371,0
DA:373,0
BRF:0
BRH:0
LF:242
LH:149
end_of_record
SF:/home/user/flexorama/src/cli.rs
FN:117,_RNvNtNtCsa6QFEuJDwzK_9flexorama3cli5testss_14test_cli_flags
FN:134,_RNvNtNtCsa6QFEuJDwzK_9flexorama3cli5testss_17test_cli_web_mode
FN:154,_RNvNtNtCsa6QFEuJDwzK_9flexorama3cli5testss_19test_cli_verify_app
FN:148,_RNvNtNtCsa6QFEuJDwzK_9flexorama3cli5testss_19test_cli_with_model
FN:92,_RNvNtNtCsa6QFEuJDwzK_9flexorama3cli5testss_21test_cli_with_api_key
FN:86,_RNvNtNtCsa6QFEuJDwzK_9flexorama3cli5testss_21test_cli_with_message
FN:67,_RNvNtNtCsa6QFEuJDwzK_9flexorama3cli5testss_23test_cli_default_values
FN:142,_RNvNtNtCsa6QFEuJDwzK_9flexorama3cli5testss_25test_cli_with_config_file
FN:98,_RNvNtNtCsa6QFEuJDwzK_9flexorama3cli5testss_27test_cli_with_context_files
FN:107,_RNvNtNtCsa6QFEuJDwzK_9flexorama3cli5testss_27test_cli_with_system_prompt
FN:160,_RNvNtNtCsa6QFEuJDwzK_9flexorama3cli5testss_29test_cli_long_and_short_flags
FNDA:1,_RNvNtNtCsa6QFEuJDwzK_9flexorama3cli5testss_14test_cli_flags
FNDA:1,_RNvNtNtCsa6QFEuJDwzK_9flexorama3cli5testss_17test_cli_web_mode
FNDA:1,_RNvNtNtCsa6QFEuJDwzK_9flexorama3cli5testss_19test_cli_verify_app
FNDA:1,_RNvNtNtCsa6QFEuJDwzK_9flexorama3cli5testss_19test_cli_with_model
FNDA:1,_RNvNtNtCsa6QFEuJDwzK_9flexorama3cli5testss_21test_cli_with_api_key
FNDA:1,_RNvNtNtCsa6QFEuJDwzK_9flexorama3cli5testss_21test_cli_with_message
FNDA:1,_RNvNtNtCsa6QFEuJDwzK_9flexorama3cli5testss_23test_cli_default_values
FNDA:1,_RNvNtNtCsa6QFEuJDwzK_9flexorama3cli5testss_25test_cli_with_config_file
FNDA:1,_RNvNtNtCsa6QFEuJDwzK_9flexorama3cli5testss_27test_cli_with_context_files
FNDA:1,_RNvNtNtCsa6QFEuJDwzK_9flexorama3cli5testss_27test_cli_with_system_prompt
FNDA:1,_RNvNtNtCsa6QFEuJDwzK_9flexorama3cli5testss_29test_cli_long_and_short_flags
FNF:11
FNH:11
DA:67,1
DA:68,1
DA:70,1
DA:71,1
DA:72,1
DA:73,1
DA:74,1
DA:75,1
DA:76,1
DA:77,1
DA:78,1
DA:79,1
DA:80,1
DA:81,1
DA:82,1
DA:83,1
DA:86,1
DA:87,1
DA:88,1
DA:89,1
DA:92,1
DA:93,1
DA:94,1
DA:95,1
DA:98,1
DA:99,1
DA:100,1
DA:101,1
DA:102,1
DA:103,1
DA:104,1
DA:107,1
DA:108,1
DA:109,1
DA:110,1
DA:112,1
DA:114,1
DA:117,1
DA:118,1
DA:120,1
DA:121,1
DA:122,1
DA:123,1
DA:125,1
DA:127,1
DA:128,1
DA:129,1
DA:130,1
DA:131,1
DA:134,1
DA:135,1
DA:137,1
DA:138,1
DA:139,1
DA:142,1
DA:143,1
DA:144,1
DA:145,1
DA:148,1
DA:149,1
DA:150,1
DA:151,1
DA:154,1
DA:156,1
DA:157,1
DA:160,1
DA:161,1
DA:163,1
DA:164,1
DA:165,1
DA:166,1
DA:167,1
DA:168,1
DA:169,1
DA:170,1
DA:171,1
DA:172,1
DA:174,1
DA:176,1
DA:178,1
DA:179,1
DA:180,1
DA:181,1
DA:182,1
DA:183,1
DA:184,1
DA:185,1
DA:186,1
DA:187,1
DA:189,1
DA:191,1
DA:192,1
DA:193,1
DA:194,1
DA:195,1
DA:196,1
BRF:0
BRH:0
LF:96
LH:96
end_of_record
SF:/home/user/flexorama/src/commands.rs
FN:2429,_RNvNtNtCsa6QFEuJDwzK_9flexorama8commands5testss_19test_create_spinner
FN:2435,_RNvNtNtCsa6QFEuJDwzK_9flexorama8commands5testss_22test_print_usage_stats
FN:2058,_RNvNtNtCsa6QFEuJDwzK_9flexorama8commands5testss_24test_truncate_line_empty
FN:2072,_RNvNtNtCsa6QFEuJDwzK_9flexorama8commands5testss_25test_format_resume_option
FN:2113,_RNvNtNtCsa6QFEuJDwzK_9flexorama8commands5testss_26test_truncate_line_unicode
FN:2299,_RNvNtNtCsa6QFEuJDwzK_9flexorama8commands5testss_28test_handle_mcp_command_list
FN:2043,_RNvNtNtCsa6QFEuJDwzK_9flexorama8commands5testss_28test_truncate_line_long_line
FN:2307,_RNvNtNtCsa6QFEuJDwzK_9flexorama8commands5testss_29test_handle_mcp_command_tools
FN:2036,_RNvNtNtCsa6QFEuJDwzK_9flexorama8commands5testss_29test_truncate_line_short_line
FN:2166,_RNvNtNtCsa6QFEuJDwzK_9flexorama8commands5testss_30test_handle_agent_command_list
FN:2276,_RNvNtNtCsa6QFEuJDwzK_9flexorama8commands5testss_30test_handle_skill_command_list
FN:2178,_RNvNtNtCsa6QFEuJDwzK_9flexorama8commands5testss_30test_handle_slash_command_help
FN:2122,_RNvNtNtCsa6QFEuJDwzK_9flexorama8commands5testss_30test_truncate_line_single_char
FN:2315,_RNvNtNtCsa6QFEuJDwzK_9flexorama8commands5testss_31test_handle_mcp_command_no_args
FN:2129,_RNvNtNtCsa6QFEuJDwzK_9flexorama8commands5testss_31test_handle_shell_command_empty
FN:2241,_RNvNtNtCsa6QFEuJDwzK_9flexorama8commands5testss_31test_handle_slash_command_clear
FN:2192,_RNvNtNtCsa6QFEuJDwzK_9flexorama8commands5testss_31test_handle_slash_command_stats
FN:2206,_RNvNtNtCsa6QFEuJDwzK_9flexorama8commands5testss_31test_handle_slash_command_usage
FN:2051,_RNvNtNtCsa6QFEuJDwzK_9flexorama8commands5testss_31test_truncate_line_exact_length
FN:2065,_RNvNtNtCsa6QFEuJDwzK_9flexorama8commands5testss_32test_build_message_preview_empty
FN:2379,_RNvNtNtCsa6QFEuJDwzK_9flexorama8commands5testss_32test_truncate_line_with_newlines
FN:2153,_RNvNtNtCsa6QFEuJDwzK_9flexorama8commands5testss_33test_handle_agent_command_no_args
FN:2287,_RNvNtNtCsa6QFEuJDwzK_9flexorama8commands5testss_33test_handle_skill_command_no_args
FN:2220,_RNvNtNtCsa6QFEuJDwzK_9flexorama8commands5testss_33test_handle_slash_command_context
FN:2348,_RNvNtNtCsa6QFEuJDwzK_9flexorama8commands5testss_34test_handle_search_command_no_args
FN:2415,_RNvNtNtCsa6QFEuJDwzK_9flexorama8commands5testss_36test_build_message_preview_multiline
FN:2255,_RNvNtNtCsa6QFEuJDwzK_9flexorama8commands5testss_37test_handle_slash_command_reset_stats
FN:2386,_RNvNtNtCsa6QFEuJDwzK_9flexorama8commands5testss_37test_truncate_line_boundary_condition
FN:2452,_RNvNtNtCsa6QFEuJDwzK_9flexorama8commands5testss_37test_truncate_line_special_characters
FN:2141,_RNvNtNtCsa6QFEuJDwzK_9flexorama8commands5testss_38test_handle_shell_command_with_command
FN:2459,_RNvNtNtCsa6QFEuJDwzK_9flexorama8commands5testss_38test_truncate_line_mixed_unicode_ascii
FN:2360,_RNvNtNtCsa6QFEuJDwzK_9flexorama8commands5testss_39test_format_resume_option_with_subagent
FN:2324,_RNvNtNtCsa6QFEuJDwzK_9flexorama8commands5testss_39test_handle_permissions_command_no_args
FN:2091,_RNvNtNtCsa6QFEuJDwzK_9flexorama8commands5testss_40test_build_message_preview_with_messages
FN:2395,_RNvNtNtCsa6QFEuJDwzK_9flexorama8commands5testss_42test_build_message_preview_whitespace_only
FN:2336,_RNvNtNtCsa6QFEuJDwzK_9flexorama8commands5testss_44test_handle_file_permissions_command_no_args
FN:2438,_RNCNvNtNtCsa6QFEuJDwzK_9flexorama8commands5testss_22test_print_usage_stats0B7_
FN:2299,_RNCNvNtNtCsa6QFEuJDwzK_9flexorama8commands5testss_28test_handle_mcp_command_list0B7_
FN:2307,_RNCNvNtNtCsa6QFEuJDwzK_9flexorama8commands5testss_29test_handle_mcp_command_tools0B7_
FN:2166,_RNCNvNtNtCsa6QFEuJDwzK_9flexorama8commands5testss_30test_handle_agent_command_list0B7_
FN:2276,_RNCNvNtNtCsa6QFEuJDwzK_9flexorama8commands5testss_30test_handle_skill_command_list0B7_
FN:2178,_RNCNvNtNtCsa6QFEuJDwzK_9flexorama8commands5testss_30test_handle_slash_command_help0B7_
FN:2315,_RNCNvNtNtCsa6QFEuJDwzK_9flexorama8commands5testss_31test_handle_mcp_command_no_args0B7_
FN:2129,_RNCNvNtNtCsa6QFEuJDwzK_9flexorama8commands5testss_31test_handle_shell_command_empty0B7_
FN:2241,_RNCNvNtNtCsa6QFEuJDwzK_9flexorama8commands5testss_31test_handle_slash_command_clear0B7_
FN:2192,_RNCNvNtNtCsa6QFEuJDwzK_9flexorama8commands5testss_31test_handle_slash_command_stats0B7_
FN:2206,_RNCNvNtNtCsa6QFEuJDwzK_9flexorama8commands5testss_31test_handle_slash_command_usage0B7_
FN:2153,_RNCNvNtNtCsa6QFEuJDwzK_9flexorama8commands5testss_33test_handle_agent_command_no_args0B7_
FN:2287,_RNCNvNtNtCsa6QFEuJDwzK_9flexorama8commands5testss_33test_handle_skill_command_no_args0B7_
FN:2220,_RNCNvNtNtCsa6QFEuJDwzK_9flexorama8commands5testss_33test_handle_slash_command_context0B7_
FN:2348,_RNCNvNtNtCsa6QFEuJDwzK_9flexorama8commands5testss_34test_handle_search_command_no_args0B7_
FN:2255,_RNCNvNtNtCsa6QFEuJDwzK_9flexorama8commands5testss_37test_handle_slash_command_reset_stats0B7_
FN:2141,_RNCNvNtNtCsa6QFEuJDwzK_9flexorama8commands5testss_38test_handle_shell_command_with_command0B7_
FN:2324,_RNCNvNtNtCsa6QFEuJDwzK_9flexorama8commands5testss_39test_handle_permissions_command_no_args0B7_
FN:2336,_RNCNvNtNtCsa6QFEuJDwzK_9flexorama8commands5testss_44test_handle_file_permissions_command_no_args0B7_
FN:391,_RNvNtCsa6QFEuJDwzK_9flexorama8commands13truncate_line
FN:1572,_RNvNtCsa6QFEuJDwzK_9flexorama8commands14create_spinner
FN:1545,_RNvNtCsa6QFEuJDwzK_9flexorama8commands17print_usage_stats
FN:1114,_RNvNtCsa6QFEuJDwzK_9flexorama8commands18handle_mcp_command
FN:417,_RNvNtCsa6QFEuJDwzK_9flexorama8commands20format_resume_option
FN:27,_RNvNtCsa6QFEuJDwzK_9flexorama8commands20handle_agent_command
FN:278,_RNvNtCsa6QFEuJDwzK_9flexorama8commands20handle_shell_command
FN:986,_RNvNtCsa6QFEuJDwzK_9flexorama8commands20handle_skill_command
FN:701,_RNvNtCsa6QFEuJDwzK_9flexorama8commands20handle_slash_command
FN:400,_RNvNtCsa6QFEuJDwzK_9flexorama8commands21build_message_preview
FN:565,_RNvNtCsa6QFEuJDwzK_9flexorama8commands21handle_resume_command
FN:630,_RNvNtCsa6QFEuJDwzK_9flexorama8commands21handle_search_command
FN:516,_RNvNtCsa6QFEuJDwzK_9flexorama8commands21select_index_with_tui
FN:468,_RNvNtCsa6QFEuJDwzK_9flexorama8commands25select_conversation_index
FN:1589,_RNvNtCsa6QFEuJDwzK_9flexorama8commands26handle_permissions_command
FN:1819,_RNvNtCsa6QFEuJDwzK_9flexorama8commands26save_permissions_to_config
FN:444,_RNvNtCsa6QFEuJDwzK_9flexorama8commands27build_conversation_previews
FN:323,_RNvNtCsa6QFEuJDwzK_9flexorama8commands29execute_bash_command_directly
FN:1845,_RNvNtCsa6QFEuJDwzK_9flexorama8commands31handle_file_permissions_command
FN:2004,_RNvNtCsa6QFEuJDwzK_9flexorama8commands31save_file_permissions_to_config
FN:1155,_RNCNCNvNtCsa6QFEuJDwzK_9flexorama8commands18handle_mcp_command00B7_
FN:1338,_RNCNCNvNtCsa6QFEuJDwzK_9flexorama8commands18handle_mcp_command0s0_0B7_
FN:1192,_RNCNCNvNtCsa6QFEuJDwzK_9flexorama8commands18handle_mcp_command0s_0B7_
FN:68,_RNCNCNvNtCsa6QFEuJDwzK_9flexorama8commands20handle_agent_command00B7_
FN:88,_RNCNCNvNtCsa6QFEuJDwzK_9flexorama8commands20handle_agent_command0s0_0B7_
FN:115,_RNCNCNvNtCsa6QFEuJDwzK_9flexorama8commands20handle_agent_command0s2_0B7_
FN:226,_RNCNCNvNtCsa6QFEuJDwzK_9flexorama8commands20handle_agent_command0s3_0B7_
FN:177,_RNCNCNvNtCsa6QFEuJDwzK_9flexorama8commands20handle_agent_command0s4_0B7_
FN:83,_RNCNCNvNtCsa6QFEuJDwzK_9flexorama8commands20handle_agent_command0s_0B7_
FN:306,_RNCNCNvNtCsa6QFEuJDwzK_9flexorama8commands20handle_shell_command00B7_
FN:314,_RNCNCNvNtCsa6QFEuJDwzK_9flexorama8commands20handle_shell_command0s_0B7_
FN:1009,_RNCNCNvNtCsa6QFEuJDwzK_9flexorama8commands20handle_skill_command00B7_
FN:732,_RNCNCNvNtCsa6QFEuJDwzK_9flexorama8commands20handle_slash_command00B7_
FN:770,_RNCNCNvNtCsa6QFEuJDwzK_9flexorama8commands20handle_slash_command0s_0B7_
FN:580,_RNCNCNvNtCsa6QFEuJDwzK_9flexorama8commands21handle_resume_command00B7_
FN:604,_RNCNCNvNtCsa6QFEuJDwzK_9flexorama8commands21handle_resume_command0s_0B7_
FN:655,_RNCNCNvNtCsa6QFEuJDwzK_9flexorama8commands21handle_search_command00B7_
FN:679,_RNCNCNvNtCsa6QFEuJDwzK_9flexorama8commands21handle_search_command0s_0B7_
FN:482,_RNCNCNvNtCsa6QFEuJDwzK_9flexorama8commands25select_conversation_index00B7_
FN:450,_RNCNCNvNtCsa6QFEuJDwzK_9flexorama8commands27build_conversation_previews00B7_
FN:327,_RNCNCNvNtCsa6QFEuJDwzK_9flexorama8commands29execute_bash_command_directly00B7_
FN:337,_RNCNCNvNtCsa6QFEuJDwzK_9flexorama8commands29execute_bash_command_directly0s0_0B7_
FN:328,_RNCNCNvNtCsa6QFEuJDwzK_9flexorama8commands29execute_bash_command_directly0s_0B7_
FN:1114,_RNCNvNtCsa6QFEuJDwzK_9flexorama8commands18handle_mcp_command0B5_
FN:32,_RNCNvNtCsa6QFEuJDwzK_9flexorama8commands20handle_agent_command0B5_
FN:278,_RNCNvNtCsa6QFEuJDwzK_9flexorama8commands20handle_shell_command0B5_
FN:986,_RNCNvNtCsa6QFEuJDwzK_9flexorama8commands20handle_skill_command0B5_
FN:708,_RNCNvNtCsa6QFEuJDwzK_9flexorama8commands20handle_slash_command0B5_
FN:408,_RNCNvNtCsa6QFEuJDwzK_9flexorama8commands21build_message_preview0B5_
FN:565,_RNCNvNtCsa6QFEuJDwzK_9flexorama8commands21handle_resume_command0B5_
FN:634,_RNCNvNtCsa6QFEuJDwzK_9flexorama8commands21handle_search_command0B5_
FN:521,_RNCNvNtCsa6QFEuJDwzK_9flexorama8commands21select_index_with_tui0B5_
FN:473,_RNCNvNtCsa6QFEuJDwzK_9flexorama8commands25select_conversation_index0B5_
FN:1589,_RNCNvNtCsa6QFEuJDwzK_9flexorama8commands26handle_permissions_command0B5_
FN:1819,_RNCNvNtCsa6QFEuJDwzK_9flexorama8commands26save_permissions_to_config0B5_
FN:447,_RNCNvNtCsa6QFEuJDwzK_9flexorama8commands27build_conversation_previews0B5_
FN:323,_RNCNvNtCsa6QFEuJDwzK_9flexorama8commands29execute_bash_command_directly0B5_
FN:1845,_RNCNvNtCsa6QFEuJDwzK_9flexorama8commands31handle_file_permissions_command0B5_
FN:2004,_RNCNvNtCsa6QFEuJDwzK_9flexorama8commands31save_file_permissions_to_config0B5_
FNDA:1,_RNvNtNtCsa6QFEuJDwzK_9flexorama8commands5testss_19test_create_spinner
FNDA:1,_RNvNtNtCsa6QFEuJDwzK_9flexorama8commands5testss_22test_print_usage_stats
FNDA:1,_RNvNtNtCsa6QFEuJDwzK_9flexorama8commands5testss_24test_truncate_line_empty
FNDA:1,_RNvNtNtCsa6QFEuJDwzK_9flexorama8commands5testss_25test_format_resume_option
FNDA:1,_RNvNtNtCsa6QFEuJDwzK_9flexorama8commands5testss_26test_truncate_line_unicode
FNDA:1,_RNvNtNtCsa6QFEuJDwzK_9flexorama8commands5testss_28test_handle_mcp_command_list
FNDA:1,_RNvNtNtCsa6QFEuJDwzK_9flexorama8commands5testss_28test_truncate_line_long_line
FNDA:1,_RNvNtNtCsa6QFEuJDwzK_9flexorama8commands5testss_29test_handle_mcp_command_tools
FNDA:1,_RNvNtNtCsa6QFEuJDwzK_9flexorama8commands5testss_29test_truncate_line_short_line
FNDA:1,_RNvNtNtCsa6QFEuJDwzK_9flexorama8commands5testss_30test_handle_agent_command_list
FNDA:1,_RNvNtNtCsa6QFEuJDwzK_9flexorama8commands5testss_30test_handle_skill_command_list
FNDA:1,_RNvNtNtCsa6QFEuJDwzK_9flexorama8commands5testss_30test_handle_slash_command_help
FNDA:1,_RNvNtNtCsa6QFEuJDwzK_9flexorama8commands5testss_30test_truncate_line_single_char
FNDA:1,_RNvNtNtCsa6QFEuJDwzK_9flexorama8commands5testss_31test_handle_mcp_command_no_args
FNDA:1,_RNvNtNtCsa6QFEuJDwzK_9flexorama8commands5testss_31test_handle_shell_command_empty
FNDA:1,_RNvNtNtCsa6QFEuJDwzK_9flexorama8commands5testss_31test_handle_slash_command_clear
FNDA:1,_RNvNtNtCsa6QFEuJDwzK_9flexorama8commands5testss_31test_handle_slash_command_stats
FNDA:1,_RNvNtNtCsa6QFEuJDwzK_9flexorama8commands5testss_31test_handle_slash_command_usage
FNDA:1,_RNvNtNtCsa6QFEuJDwzK_9flexorama8commands5testss_31test_truncate_line_exact_length
FNDA:1,_RNvNtNtCsa6QFEuJDwzK_9flexorama8commands5testss_32test_build_message_preview_empty
FNDA:1,_RNvNtNtCsa6QFEuJDwzK_9flexorama8commands5testss_32test_truncate_line_with_newlines
FNDA:1,_RNvNtNtCsa6QFEuJDwzK_9flexorama8commands5testss_33test_handle_agent_command_no_args
FNDA:1,_RNvNtNtCsa6QFEuJDwzK_9flexorama8commands5testss_33test_handle_skill_command_no_args
FNDA:1,_RNvNtNtCsa6QFEuJDwzK_9flexorama8commands5testss_33test_handle_slash_command_context
FNDA:1,_RNvNtNtCsa6QFEuJDwzK_9flexorama8commands5testss_34test_handle_search_command_no_args
FNDA:1,_RNvNtNtCsa6QFEuJDwzK_9flexorama8commands5testss_36test_build_message_preview_multiline
FNDA:1,_RNvNtNtCsa6QFEuJDwzK_9flexorama8commands5testss_37test_handle_slash_command_reset_stats
FNDA:1,_RNvNtNtCsa6QFEuJDwzK_9flexorama8commands5testss_37test_truncate_line_boundary_condition
FNDA:1,_RNvNtNtCsa6QFEuJDwzK_9flexorama8commands5testss_37test_truncate_line_special_characters
FNDA:1,_RNvNtNtCsa6QFEuJDwzK_9flexorama8commands5testss_38test_handle_shell_command_with_command
FNDA:1,_RNvNtNtCsa6QFEuJDwzK_9flexorama8commands5testss_38test_truncate_line_mixed_unicode_ascii
FNDA:1,_RNvNtNtCsa6QFEuJDwzK_9flexorama8commands5testss_39test_format_resume_option_with_subagent
FNDA:1,_RNvNtNtCsa6QFEuJDwzK_9flexorama8commands5testss_39test_handle_permissions_command_no_args
FNDA:1,_RNvNtNtCsa6QFEuJDwzK_9flexorama8commands5testss_40test_build_message_preview_with_messages
FNDA:1,_RNvNtNtCsa6QFEuJDwzK_9flexorama8commands5testss_42test_build_message_preview_whitespace_only
FNDA:1,_RNvNtNtCsa6QFEuJDwzK_9flexorama8commands5testss_44test_handle_file_permissions_command_no_args
FNDA:1,_RNCNvNtNtCsa6QFEuJDwzK_9flexorama8commands5testss_22test_print_usage_stats0B7_
FNDA:1,_RNCNvNtNtCsa6QFEuJDwzK_9flexorama8commands5testss_28test_handle_mcp_command_list0B7_
FNDA:1,_RNCNvNtNtCsa6QFEuJDwzK_9flexorama8commands5testss_29test_handle_mcp_command_tools0B7_
FNDA:1,_RNCNvNtNtCsa6QFEuJDwzK_9flexorama8commands5testss_30test_handle_agent_command_list0B7_
FNDA:1,_RNCNvNtNtCsa6QFEuJDwzK_9flexorama8commands5testss_30test_handle_skill_command_list0B7_
FNDA:1,_RNCNvNtNtCsa6QFEuJDwzK_9flexorama8commands5testss_30test_handle_slash_command_help0B7_
FNDA:1,_RNCNvNtNtCsa6QFEuJDwzK_9flexorama8commands5testss_31test_handle_mcp_command_no_args0B7_
FNDA:1,_RNCNvNtNtCsa6QFEuJDwzK_9flexorama8commands5testss_31test_handle_shell_command_empty0B7_
FNDA:1,_RNCNvNtNtCsa6QFEuJDwzK_9flexorama8commands5testss_31test_handle_slash_command_clear0B7_
FNDA:1,_RNCNvNtNtCsa6QFEuJDwzK_9flexorama8commands5testss_31test_handle_slash_command_stats0B7_
FNDA:1,_RNCNvNtNtCsa6QFEuJDwzK_9flexorama8commands5testss_31test_handle_slash_command_usage0B7_
FNDA:1,_RNCNvNtNtCsa6QFEuJDwzK_9flexorama8commands5testss_33test_handle_agent_command_no_args0B7_
FNDA:1,_RNCNvNtNtCsa6QFEuJDwzK_9flexorama8commands5testss_33test_handle_skill_command_no_args0B7_
FNDA:1,_RNCNvNtNtCsa6QFEuJDwzK_9flexorama8commands5testss_33test_handle_slash_command_context0B7_
FNDA:1,_RNCNvNtNtCsa6QFEuJDwzK_9flexorama8commands5testss_34test_handle_search_command_no_args0B7_
FNDA:1,_RNCNvNtNtCsa6QFEuJDwzK_9flexorama8commands5testss_37test_handle_slash_command_reset_stats0B7_
FNDA:1,_RNCNvNtNtCsa6QFEuJDwzK_9flexorama8commands5testss_38test_handle_shell_command_with_command0B7_
FNDA:1,_RNCNvNtNtCsa6QFEuJDwzK_9flexorama8commands5testss_39test_handle_permissions_command_no_args0B7_
FNDA:1,_RNCNvNtNtCsa6QFEuJDwzK_9flexorama8commands5testss_44test_handle_file_permissions_command_no_args0B7_
FNDA:13,_RNvNtCsa6QFEuJDwzK_9flexorama8commands13truncate_line
FNDA:1,_RNvNtCsa6QFEuJDwzK_9flexorama8commands14create_spinner
FNDA:3,_RNvNtCsa6QFEuJDwzK_9flexorama8commands17print_usage_stats
FNDA:3,_RNvNtCsa6QFEuJDwzK_9flexorama8commands18handle_mcp_command
FNDA:2,_RNvNtCsa6QFEuJDwzK_9flexorama8commands20format_resume_option
FNDA:2,_RNvNtCsa6QFEuJDwzK_9flexorama8commands20handle_agent_command
FNDA:2,_RNvNtCsa6QFEuJDwzK_9flexorama8commands20handle_shell_command
FNDA:2,_RNvNtCsa6QFEuJDwzK_9flexorama8commands20handle_skill_command
FNDA:6,_RNvNtCsa6QFEuJDwzK_9flexorama8commands20handle_slash_command
[...]
DA:1780,0
DA:1781,0
DA:1782,0
DA:1783,0
DA:1785,1
DA:1787,1
DA:1788,1
DA:1789,1
DA:1790,1
DA:1791,1
DA:1793,1
DA:1794,1
DA:1795,0
DA:1796,0
DA:1797,0
DA:1798,0
DA:1799,0
DA:1801,1
DA:1803,1
DA:1804,1
DA:1805,1
DA:1806,1
DA:1807,1
DA:1809,1
DA:1810,1
DA:1811,0
DA:1812,0
DA:1813,0
DA:1814,0
DA:1815,0
DA:1817,1
DA:1819,1
DA:1820,1
DA:1821,1
DA:1822,1
DA:1823,1
DA:1825,1
DA:1826,1
DA:1827,0
DA:1828,0
DA:1829,0
DA:1830,0
DA:1831,0
DA:1833,1
DA:1835,1
DA:1836,1
DA:1837,1
DA:1838,1
DA:1839,1
DA:1841,5
DA:1842,5
DA:1843,5
DA:1844,0
DA:1846,5
DA:1848,5
DA:1851,1
DA:1852,1
DA:1853,1
DA:1854,1
DA:1855,1
DA:1856,1
DA:1857,1
DA:1858,1
DA:1859,1
DA:1860,1
DA:1861,1
DA:1862,1
DA:1863,1
DA:1864,1
DA:1865,1
DA:1867,0
DA:1868,0
DA:1869,0
DA:1870,0
DA:1871,0
DA:1873,1
DA:1875,3
DA:1876,3
DA:1877,3
DA:1878,3
DA:1879,3
DA:1880,2
DA:1881,2
DA:1882,2
DA:1883,2
DA:1884,2
DA:1885,2
DA:1886,2
DA:1887,2
DA:1888,2
DA:1889,1
DA:1890,0
DA:1891,0
DA:1892,0
DA:1893,0
DA:1894,0
DA:1896,3
DA:1898,1
DA:1899,1
DA:1900,1
DA:1901,1
DA:1902,1
DA:1903,1
DA:1904,1
DA:1905,1
DA:1906,1
DA:1907,1
DA:1908,1
DA:1909,1
DA:1911,1
DA:1913,1
DA:1914,1
DA:1915,1
DA:1916,1
DA:1917,1
DA:1918,1
DA:1919,1
DA:1921,0
DA:1922,0
DA:1923,0
DA:1924,0
DA:1925,0
DA:1927,1
DA:1929,1
DA:1930,1
DA:1931,1
DA:1932,1
DA:1933,1
DA:1934,1
DA:1935,1
DA:1936,0
DA:1937,0
DA:1938,0
DA:1939,0
DA:1940,0
DA:1941,0
DA:1942,0
DA:1946,1
DA:1947,1
DA:1948,1
DA:1949,1
DA:1950,1
DA:1951,1
DA:1952,1
DA:1953,1
DA:1955,1
DA:1956,1
DA:1957,0
DA:1958,0
DA:1959,0
DA:1960,0
DA:1961,0
DA:1963,1
DA:1965,1
DA:1966,1
DA:1967,1
DA:1968,1
DA:1969,1
DA:1970,1
DA:1971,0
DA:1972,0
DA:1973,0
DA:1974,0
DA:1975,0
DA:1977,1
DA:1979,1
DA:1980,1
DA:1981,1
DA:1982,1
DA:1983,1
DA:1984,1
DA:1985,1
DA:1986,1
DA:1987,1
DA:1988,1
DA:1990,1
DA:1991,1
DA:1992,1
DA:1993,1
DA:1994,1
DA:1995,1
DA:1996,0
DA:1997,0
DA:1998,0
DA:1999,0
DA:2000,0
DA:2001,0
DA:2002,0
DA:2004,0
DA:2005,0
DA:2006,0
DA:2007,0
DA:2008,0
DA:2010,1
DA:2012,1
DA:2013,1
DA:2014,1
DA:2015,1
DA:2016,1
DA:2017,1
DA:2018,1
DA:2020,1
DA:2021,1
DA:2022,1
DA:2023,1
DA:2024,1
DA:2025,1
DA:2026,1
DA:2027,1
DA:2028,1
DA:2029,1
DA:2030,0
DA:2031,0
DA:2032,0
DA:2033,0
DA:2034,0
DA:2036,1
DA:2043,0
DA:2044,0
DA:2045,0
DA:2046,0
DA:2047,0
DA:2048,0
DA:2049,0
DA:2050,0
DA:2053,1
DA:2054,1
DA:2055,1
DA:2056,1
DA:2057,1
DA:2059,1
DA:2061,1
DA:2062,1
DA:2063,1
DA:2064,1
DA:2065,1
DA:2066,1
DA:2068,1
DA:2069,1
DA:2070,1
DA:2071,1
DA:2072,1
DA:2073,1
DA:2074,1
DA:2075,1
DA:2076,1
DA:2077,1
DA:2078,1
DA:2079,1
DA:2080,0
DA:2081,0
DA:2082,0
DA:2083,0
DA:2084,0
DA:2085,0
DA:2086,1
DA:2088,1
DA:2089,1
DA:2091,1
DA:2093,1
DA:2094,1
DA:2095,1
DA:2096,1
DA:2097,1
DA:2098,1
DA:2100,1
DA:2101,1
DA:2102,1
DA:2103,1
DA:2104,1
DA:2105,1
DA:2106,1
DA:2107,1
DA:2108,1
DA:2109,1
DA:2110,1
DA:2111,1
DA:2112,0
DA:2113,0
DA:2114,0
DA:2115,0
DA:2116,0
DA:2117,0
DA:2118,1
DA:2120,1
DA:2121,1
DA:2123,1
DA:2125,1
DA:2126,1
DA:2127,1
DA:2128,1
DA:2129,1
DA:2130,1
DA:2132,1
DA:2133,1
DA:2134,1
DA:2135,1
DA:2136,1
DA:2137,1
DA:2138,1
DA:2139,1
DA:2140,1
DA:2141,1
DA:2142,1
DA:2143,1
DA:2144,1
DA:2146,1
DA:2147,1
DA:2149,1
DA:2151,1
DA:2152,1
DA:2153,1
DA:2154,1
DA:2155,1
DA:2156,1
DA:2158,1
DA:2159,1
DA:2160,1
DA:2161,1
DA:2162,1
DA:2163,1
DA:2164,1
DA:2166,1
DA:2168,1
DA:2169,0
DA:2170,0
DA:2171,0
DA:2172,0
DA:2174,1
DA:2175,1
DA:2176,1
DA:2177,0
DA:2178,0
DA:2179,0
DA:2180,0
DA:2181,1
DA:2183,1
DA:2184,1
DA:2185,1
DA:2186,1
DA:2187,1
DA:2188,1
DA:2190,1
DA:2192,1
DA:2193,1
DA:2194,1
DA:2195,1
DA:2196,1
DA:2197,1
DA:2199,1
DA:2200,1
DA:2201,1
DA:2202,1
DA:2203,1
DA:2204,1
DA:2205,1
DA:2206,1
DA:2207,1
DA:2208,1
DA:2209,0
DA:2210,0
DA:2211,0
DA:2212,0
DA:2213,1
DA:2215,1
DA:2216,1
DA:2217,1
DA:2218,1
DA:2219,1
DA:2220,1
DA:2222,1
DA:2224,6
DA:2225,6
DA:2226,6
DA:2227,1
DA:2228,5
DA:2229,1
DA:2230,4
DA:2231,1
DA:2232,3
DA:2233,1
DA:2234,2
DA:2235,1
DA:2236,1
DA:2237,0
DA:2239,1
DA:2241,6
DA:2243,8
DA:2244,8
DA:2245,8
DA:2248,8
DA:2249,8
DA:2250,8
DA:2252,0
DA:2256,8
DA:2257,8
DA:2258,6
DA:2259,2
DA:2261,2
DA:2262,2
DA:2263,2
DA:2265,2
DA:2266,2
DA:2267,0
DA:2268,1
DA:2270,1
DA:2271,1
DA:2272,0
DA:2273,0
DA:2275,0
DA:2279,1
DA:2280,8
DA:2283,8
DA:2284,3
DA:2285,5
DA:2287,1
DA:2290,4
DA:2291,4
DA:2292,4
DA:2293,4
DA:2294,4
DA:2296,0
DA:2300,8
DA:2301,7
DA:2303,1
DA:2307,7
DA:2308,7
DA:2310,0
DA:2314,7
DA:2315,7
DA:2317,75
DA:2318,69
DA:2319,69
DA:2320,69
DA:2321,69
DA:2322,69
DA:2323,69
DA:2325,69
DA:2326,66
DA:2327,66
DA:2328,0
DA:2331,66
DA:2332,66
DA:2333,66
DA:2334,66
DA:2336,66
DA:2337,1
DA:2338,65
DA:2339,3
DA:2340,0
DA:2343,288
DA:2344,3
DA:2345,2
DA:2346,283
DA:2347,288
DA:2349,7
DA:2350,8
DA:2353,6
DA:2354,6
DA:2355,6
DA:2357,6
DA:2358,6
DA:2359,0
DA:2360,0
DA:2361,0
DA:2362,0
DA:2363,0
DA:2365,6
DA:2367,7
DA:2368,7
DA:2369,7
DA:2373,7
DA:2374,1
DA:2375,1
DA:2376,1
DA:2377,6
DA:2380,6
DA:2381,6
DA:2383,6
DA:2384,6
DA:2385,5
DA:2386,3
DA:2387,1
DA:2388,0
DA:2390,7
DA:2392,8
DA:2393,8
DA:2394,8
DA:2395,8
DA:2396,8
DA:2397,8
DA:2398,8
DA:2399,8
DA:2400,8
DA:2401,8
DA:2402,8
DA:2403,8
DA:2405,7
DA:2406,7
DA:2407,7
DA:2408,7
DA:2409,7
DA:2410,7
DA:2411,7
DA:2413,8
DA:2414,8
DA:2415,8
DA:2416,2
DA:2417,1
DA:2418,1
DA:2420,1
DA:2421,1
DA:2422,1
DA:2423,1
DA:2424,1
DA:2425,1
DA:2426,1
DA:2428,0
DA:2431,0
DA:2433,8
DA:2435,8
DA:2436,8
DA:2437,8
DA:2438,8
DA:2439,8
DA:2440,8
DA:2441,8
DA:2442,8
DA:2443,8
DA:2444,8
DA:2445,8
DA:2446,8
DA:2447,8
DA:2448,8
DA:2451,8
DA:2452,8
DA:2453,8
DA:2454,8
DA:2455,8
DA:2456,8
DA:2457,8
DA:2458,8
DA:2460,6
DA:2461,6
DA:2462,6
DA:2463,6
DA:2464,6
DA:2465,6
DA:2466,6
DA:2467,6
DA:2468,7
DA:2469,6
DA:2470,6
DA:2471,1
DA:2473,5
DA:2475,6
DA:2477,2
DA:2478,2
DA:2479,5
DA:2480,6
DA:2481,3
DA:2482,3
DA:2483,3
DA:2484,3
DA:2486,6
DA:2487,4
DA:2488,4
DA:2489,4
DA:2490,4
DA:2491,2
DA:2492,2
DA:2493,0
DA:2494,2
DA:2497,2
DA:2498,2
DA:2500,0
DA:2501,0
DA:2502,0
DA:2503,0
DA:2504,0
DA:2505,0
DA:2506,0
DA:2507,0
DA:2508,0
DA:2509,0
DA:2510,0
DA:2511,0
DA:2512,0
DA:2513,0
DA:2514,0
DA:2515,0
DA:2517,0
DA:2518,0
DA:2519,0
DA:2520,0
DA:2521,0
DA:2522,0
DA:2523,0
DA:2524,0
DA:2525,0
DA:2526,0
DA:2527,0
DA:2528,0
DA:2529,0
DA:2530,0
DA:2531,0
DA:2532,0
DA:2533,0
DA:2534,0
DA:2535,0
DA:2536,0
DA:2537,0
DA:2538,0
DA:2539,0
DA:2540,0
DA:2541,0
DA:2542,0
DA:2543,0
DA:2544,0
DA:2546,0
DA:2547,0
DA:2548,0
DA:2550,3
DA:2551,3
DA:2552,3
DA:2553,3
DA:2555,1
DA:2556,1
DA:2557,1
DA:2559,2
DA:2560,2
DA:2561,2
DA:2562,2
DA:2569,2
DA:2571,4
DA:2572,2
DA:2573,2
DA:2575,3
DA:2576,1
DA:2577,0
DA:2578,1
DA:2579,1
DA:2580,1
DA:2581,1
DA:2582,1
DA:2583,1
DA:2584,1
DA:2585,1
DA:2586,1
DA:2589,2
DA:2591,2
DA:2592,2
DA:2593,4
DA:2594,2
DA:2595,2
DA:2596,2
DA:2597,2
DA:2598,2
DA:2600,1
DA:2601,1
DA:2602,1
DA:2603,1
DA:2604,1
DA:2605,1
DA:2606,1
DA:2607,1
DA:2610,1
DA:2611,1
DA:2612,1
DA:2613,1
DA:2614,1
DA:2615,1
DA:2616,1
DA:2617,1
DA:2620,4
DA:2621,2
DA:2622,2
DA:2640,1
DA:2641,1
DA:2642,1
DA:2643,1
DA:2644,1
DA:2648,1
DA:2649,1
DA:2650,0
DA:2651,1
DA:2652,1
DA:2653,1
DA:2654,1
DA:2658,1
DA:2659,1
DA:2660,1
DA:2661,1
DA:2662,1
DA:2663,1
DA:2664,1
DA:2665,1
DA:2668,1
DA:2669,1
DA:2670,1
DA:2671,1
DA:2672,1
DA:2673,1
DA:2674,1
DA:2675,1
DA:2677,1
DA:2679,1
DA:2681,1
DA:2683,1
DA:2686,1
DA:2687,1
DA:2688,1
DA:2689,1
DA:2690,1
DA:2691,1
DA:2692,1
DA:2693,1
DA:2694,1
DA:2695,1
DA:2696,1
DA:2699,1
DA:2700,1
DA:2701,1
DA:2703,1
DA:2704,1
DA:2705,1
DA:2708,1
DA:2709,1
DA:2710,1
DA:2711,1
DA:2712,1
DA:2713,1
DA:2714,1
DA:2715,1
DA:2717,1
DA:2718,1
DA:2719,1
DA:2721,1
DA:2722,1
DA:2723,1
DA:2724,1
DA:2725,1
DA:2727,1
DA:2728,1
DA:2731,1
DA:2732,1
DA:2733,1
DA:2734,1
DA:2735,1
DA:2736,1
DA:2737,1
DA:2740,1
DA:2741,1
DA:2742,1
DA:2743,1
DA:2744,1
DA:2745,1
DA:2748,1
DA:2749,1
DA:2750,1
DA:2753,1
DA:2754,1
DA:2755,1
DA:2756,1
DA:2757,1
DA:2758,1
DA:2759,1
DA:2760,1
DA:2761,1
DA:2762,1
DA:2763,1
DA:2764,1
DA:2765,1
DA:2766,1
DA:2767,1
DA:2768,1
DA:2770,1
DA:2771,1
DA:2772,1
DA:2773,1
DA:2774,1
DA:2775,1
DA:2776,1
DA:2778,40
DA:2780,40
DA:2781,40
DA:2782,1
DA:2783,1
DA:2784,1
DA:2785,1
DA:2786,1
DA:2787,40
DA:2788,40
DA:2790,40
DA:2791,40
DA:2792,40
DA:2793,40
DA:2794,40
DA:2795,40
DA:2796,40
DA:2797,40
DA:2798,40
DA:2799,40
DA:2801,40
DA:2802,40
DA:2803,40
DA:2804,40
DA:2806,40
DA:2807,40
DA:2808,40
DA:2809,40
DA:2812,40
DA:2813,40
DA:2815,40
DA:2816,40
DA:2817,40
DA:2818,40
DA:2819,40
DA:2821,40
DA:2822,40
DA:2825,40
DA:2826,40
DA:2827,40
DA:2828,40
DA:2829,40
DA:2830,40
DA:2831,40
DA:2832,40
DA:2833,40
DA:2834,40
DA:2835,40
DA:2837,19
DA:2838,19
DA:2839,19
DA:2840,19
DA:2841,19
DA:2842,19
DA:2843,19
DA:2844,19
DA:2845,19
DA:2846,19
DA:2847,19
DA:2848,19
DA:2849,19
DA:2850,19
DA:2852,19
DA:2853,19
DA:2854,19
DA:2855,19
DA:2856,19
DA:2858,19
DA:2859,19
DA:2860,19
DA:2861,19
DA:2863,19
DA:2864,19
DA:2865,19
DA:2866,19
DA:2867,19
DA:2869,19
DA:2870,19
DA:2871,19
DA:2872,19
DA:2873,19
DA:2874,19
DA:2875,19
DA:2876,19
DA:2877,19
DA:2879,19
DA:2880,19
DA:2882,46
DA:2883,46
DA:2884,46
DA:2885,46
DA:2886,46
DA:2887,46
DA:2888,46
DA:2889,46
DA:2890,46
DA:2891,46
DA:2894,1
DA:2895,1
DA:2896,1
DA:2897,1
DA:2898,1
DA:2899,1
DA:2900,1
DA:2901,1
DA:2902,1
DA:2903,1
DA:2904,1
DA:2905,1
DA:2908,1
DA:2909,1
DA:2910,1
DA:2911,1
DA:2912,1
DA:2913,1
DA:2914,1
DA:2915,1
DA:2916,1
DA:2917,1
DA:2918,1
DA:2919,1
DA:2920,5
DA:2921,1
DA:2922,1
DA:2925,1
DA:2926,1
DA:2927,1
DA:2928,1
DA:2929,1
DA:2930,1
DA:2931,1
DA:2932,1
DA:2933,1
DA:2934,1
DA:2935,1
DA:2936,1
DA:2938,1
DA:2939,1
DA:2940,1
DA:2941,1
DA:2942,1
DA:2943,1
DA:2944,1
DA:2945,1
DA:2946,1
DA:2949,1
DA:2950,1
DA:2951,1
DA:2953,1
DA:2954,1
DA:2955,1
DA:2956,1
DA:2957,1
DA:2958,1
DA:2959,1
DA:2960,1
DA:2961,1
DA:2962,1
DA:2964,1
DA:2965,1
DA:2966,1
DA:2967,1
DA:2968,1
DA:2969,1
DA:2970,1
DA:2971,1
DA:2972,1
DA:2974,1
DA:2975,1
DA:2976,1
DA:2977,1
DA:2978,1
DA:2979,1
DA:2980,1
DA:2981,1
DA:2982,1
DA:2983,1
DA:2984,1
DA:2986,1
DA:2987,1
DA:2988,1
DA:2989,1
DA:2990,1
DA:2991,1
DA:2992,1
DA:2994,1
DA:2995,1
DA:2996,1
DA:2997,1
DA:2998,1
DA:2999,1
DA:3000,1
DA:3001,1
DA:3003,1
DA:3004,1
DA:3005,1
DA:3006,1
DA:3007,1
DA:3008,1
DA:3009,1
DA:3010,1
DA:3011,1
DA:3013,1
DA:3014,1
DA:3015,1
DA:3016,1
DA:3017,1
DA:3018,1
DA:3019,1
DA:3020,1
DA:3021,1
DA:3023,1
DA:3024,1
DA:3025,1
DA:3026,1
DA:3027,1
DA:3028,1
DA:3029,1
DA:3030,1
DA:3031,1
DA:3033,1
DA:3034,1
DA:3035,1
DA:3036,1
DA:3037,1
DA:3038,1
DA:3039,1
DA:3041,1
DA:3042,1
DA:3043,1
DA:3044,1
DA:3045,1
DA:3046,1
DA:3047,1
DA:3048,1
DA:3049,1
DA:3051,1
DA:3052,1
DA:3053,1
DA:3054,1
DA:3055,1
DA:3056,1
DA:3057,1
DA:3058,1
DA:3062,2
DA:3063,1
DA:3064,1
DA:3065,1
DA:3066,1
DA:3068,1
DA:3069,1
DA:3070,1
DA:3071,1
DA:3072,1
DA:3073,1
DA:3074,1
DA:3076,1
DA:3077,1
DA:3078,1
DA:3079,1
DA:3080,1
DA:3081,1
DA:3082,1
DA:3083,1
DA:3084,1
DA:3086,1
DA:3087,1
DA:3088,1
DA:3089,1
DA:3090,1
DA:3091,1
DA:3092,1
DA:3093,1
DA:3094,1
DA:3096,1
DA:3097,1
DA:3098,1
DA:3099,1
DA:3100,1
DA:3101,1
DA:3102,1
DA:3103,1
DA:3104,1
DA:3105,1
DA:3106,1
DA:3108,1
DA:3109,1
DA:3110,1
DA:3111,1
DA:3112,1
DA:3113,1
DA:3115,1
DA:3116,1
DA:3117,1
DA:3118,1
DA:3119,1
DA:3120,1
DA:3121,1
DA:3122,1
DA:3123,1
DA:3125,1
DA:3126,1
DA:3127,1
DA:3128,1
DA:3129,1
DA:3130,1
DA:3131,1
DA:3132,1
DA:3133,1
DA:3134,1
DA:3135,1
DA:3136,1
DA:3138,1
DA:3139,1
DA:3140,1
DA:3141,1
DA:3142,1
DA:3143,1
DA:3144,1
DA:3146,1
DA:3147,1
DA:3148,1
DA:3149,1
DA:3150,1
DA:3151,1
DA:3152,1
DA:3156,1
DA:3157,1
DA:3158,1
DA:3159,1
DA:3160,1
DA:3161,1
DA:3162,1
DA:3163,1
DA:3164,1
DA:3165,1
DA:3166,1
DA:3167,1
DA:3169,1
DA:3170,1
DA:3171,1
DA:3172,1
DA:3173,1
DA:3174,1
DA:3175,1
DA:3176,1
DA:3177,1
DA:3178,1
DA:3179,1
DA:3180,1
DA:3181,1
DA:3184,1
DA:3185,1
DA:3186,1
DA:3187,1
DA:3188,1
DA:3189,1
DA:3190,1
DA:3191,1
DA:3192,1
DA:3193,1
DA:3194,1
DA:3195,1
DA:3197,1
DA:3198,1
DA:3199,1
DA:3200,1
DA:3201,1
DA:3202,1
DA:3203,1
DA:3204,1
DA:3205,1
DA:3206,1
DA:3208,1
DA:3209,1
DA:3210,1
DA:3211,1
DA:3212,1
DA:3213,1
DA:3214,1
DA:3215,1
DA:3216,1
DA:3217,1
DA:3218,1
DA:3219,1
DA:3222,1
DA:3223,1
DA:3224,1
DA:3225,1
DA:3226,1
DA:3227,1
DA:3229,1
DA:3230,1
DA:3231,1
DA:3232,1
DA:3233,1
DA:3234,1
DA:3235,1
DA:3236,1
DA:3237,1
DA:3238,1
DA:3239,1
DA:3240,1
DA:3241,1
DA:3242,1
DA:3245,1
DA:3246,1
DA:3247,1
DA:3248,1
DA:3249,1
DA:3250,1
DA:3251,1
DA:3252,1
DA:3253,1
DA:3254,1
DA:3255,1
DA:3256,1
DA:3258,1
DA:3259,1
DA:3260,1
DA:3261,1
DA:3263,1
DA:3264,1
DA:3265,1
DA:3266,1
DA:3267,1
DA:3268,1
DA:3269,1
DA:3272,1
DA:3273,1
DA:3274,1
DA:3275,1
DA:3276,1
DA:3277,1
DA:3278,1
DA:3279,1
DA:3280,1
DA:3281,1
DA:3282,1
DA:3285,1
DA:3286,1
DA:3287,1
DA:3288,1
DA:3289,1
DA:3290,1
DA:3291,1
DA:3292,1
DA:3295,1
DA:3296,1
DA:3297,1
DA:3298,1
DA:3300,1
DA:3301,1
DA:3302,1
DA:3303,1
DA:3304,1
DA:3305,1
DA:3306,1
DA:3307,1
DA:3308,1
DA:3309,1
DA:3310,1
DA:3313,1
DA:3314,1
DA:3315,1
DA:3316,1
DA:3317,1
DA:3318,1
DA:3319,1
DA:3320,1
DA:3321,1
DA:3322,1
DA:3323,1
DA:3324,1
DA:3325,1
DA:3328,1
DA:3329,1
DA:3330,1
DA:3331,1
DA:3332,1
DA:3333,1
DA:3334,1
DA:3335,1
DA:3336,1
DA:3337,1
DA:3338,1
DA:3339,1
DA:3342,1
DA:3343,1
DA:3344,1
DA:3345,1
DA:3346,1
DA:3347,1
DA:3348,1
DA:3349,1
DA:3350,1
DA:3351,1
DA:3352,1
DA:3353,1
DA:3354,1
DA:3357,1
DA:3358,1
DA:3359,1
DA:3360,1
DA:3361,1
DA:3362,1
DA:3363,1
DA:3364,1
DA:3365,1
DA:3366,1
DA:3367,1
DA:3368,1
DA:3371,1
DA:3372,1
DA:3373,1
DA:3374,1
DA:3375,1
DA:3376,1
DA:3377,1
DA:3378,1
DA:3379,1
DA:3380,1
DA:3381,1
DA:3382,1
DA:3384,1
DA:3385,1
DA:3386,1
DA:3387,1
DA:3388,1
DA:3389,1
DA:3390,1
DA:3391,1
DA:3392,1
DA:3393,1
DA:3394,1
DA:3395,1
DA:3396,1
DA:3399,1
DA:3400,1
DA:3401,1
DA:3402,1
DA:3403,1
DA:3404,1
DA:3405,1
DA:3407,1
DA:3408,1
DA:3409,1
DA:3410,1
DA:3411,1
DA:3412,1
DA:3413,1
DA:3414,1
DA:3415,1
DA:3416,1
DA:3417,1
DA:3418,1
DA:3419,1
DA:3420,1
DA:3423,1
DA:3424,1
DA:3425,1
DA:3426,1
DA:3427,1
DA:3428,1
DA:3429,1
DA:3430,1
DA:3431,1
DA:3432,1
DA:3433,1
DA:3434,1
DA:3435,1
DA:3438,1
DA:3439,1
DA:3440,1
DA:3441,1
DA:3442,1
DA:3443,1
DA:3444,1
DA:3446,1
DA:3447,1
DA:3448,1
DA:3449,1
DA:3450,1
DA:3451,1
DA:3452,1
DA:3453,1
DA:3456,1
DA:3457,1
DA:3458,1
DA:3459,1
DA:3460,1
DA:3461,1
DA:3462,1
DA:3465,1
DA:3466,1
DA:3467,1
DA:3468,1
DA:3469,1
DA:3470,1
DA:3471,1
DA:3473,1
DA:3474,1
DA:3475,1
DA:3476,1
DA:3477,1
DA:3478,1
DA:3479,1
DA:3480,1
DA:3481,1
DA:3482,1
DA:3485,1
DA:3486,1
DA:3487,1
DA:3488,1
DA:3491,1
DA:3492,1
DA:3493,1
DA:3494,1
DA:3495,1
DA:3496,1
DA:3497,1
DA:3498,1
DA:3499,1
DA:3500,1
DA:3501,1
DA:3502,1
DA:3503,1
DA:3504,1
DA:3507,1
DA:3508,1
DA:3509,1
DA:3510,1
DA:3511,1
DA:3512,1
DA:3513,1
DA:3514,1
DA:3517,1
DA:3518,1
DA:3519,1
DA:3520,1
DA:3521,1
DA:3524,1
DA:3525,1
DA:3526,1
DA:3527,1
DA:3528,1
DA:3529,1
DA:3530,1
DA:3531,1
DA:3532,1
DA:3533,1
DA:3534,1
DA:3535,1
DA:3536,1
DA:3537,1
DA:3540,1
DA:3541,1
DA:3542,1
DA:3543,1
DA:3544,1
DA:3545,1
DA:3546,1
DA:3547,1
DA:3548,1
DA:3549,1
DA:3550,1
DA:3551,1
DA:3552,1
DA:3553,1
DA:3556,1
DA:3557,1
DA:3558,1
DA:3559,1
DA:3560,1
DA:3561,1
DA:3562,1
DA:3563,1
DA:3564,1
DA:3565,1
DA:3566,1
DA:3567,1
DA:3568,1
DA:3569,1
DA:3570,1
DA:3572,1
DA:3573,1
DA:3574,1
DA:3575,1
DA:3576,1
DA:3577,1
DA:3578,1
DA:3579,1
DA:3580,1
DA:3581,1
DA:3582,1
DA:3585,1
DA:3586,1
DA:3587,1
DA:3588,1
DA:3589,1
DA:3590,1
DA:3591,1
DA:3592,1
DA:3593,1
DA:3594,1
DA:3595,1
DA:3596,1
DA:3597,1
DA:3600,1
DA:3601,1
DA:3602,1
DA:3603,1
DA:3604,1
DA:3605,1
DA:3606,1
DA:3607,1
DA:3608,1
DA:3609,1
DA:3610,1
DA:3611,1
DA:3612,1
DA:3613,1
DA:3614,1
DA:3616,1
DA:3617,1
DA:3618,1
DA:3619,1
DA:3620,1
DA:3621,1
DA:3622,1
DA:3623,1
DA:3626,1
DA:3627,1
DA:3628,1
DA:3631,1
DA:3632,1
DA:3633,1
DA:3634,1
DA:3635,1
DA:3636,1
DA:3637,1
DA:3638,1
DA:3639,1
DA:3640,1
DA:3641,1
DA:3642,1
DA:3643,1
DA:3644,1
DA:3647,1
DA:3648,1
DA:3649,1
DA:3650,1
DA:3651,1
DA:3652,1
DA:3653,1
DA:3654,1
DA:3655,1
DA:3656,1
DA:3659,1
DA:3660,1
DA:3661,1
DA:3662,1
DA:3663,1
DA:3666,1
DA:3667,1
DA:3668,1
DA:3669,1
DA:3670,1
DA:3671,1
DA:3672,1
DA:3673,1
DA:3674,1
DA:3675,1
DA:3676,1
DA:3677,1
DA:3678,1
DA:3679,1
DA:3680,1
DA:3681,1
DA:3682,1
DA:3684,1
DA:3685,1
DA:3686,1
DA:3687,1
DA:3688,1
DA:3689,1
DA:3690,1
DA:3691,1
DA:3692,1
DA:3693,1
DA:3694,1
DA:3697,1
DA:3698,1
DA:3699,1
DA:3700,1
DA:3701,1
DA:3702,1
DA:3703,1
DA:3704,1
DA:3705,1
DA:3706,1
DA:3707,1
DA:3708,1
DA:3709,1
DA:3712,1
DA:3713,1
DA:3714,1
DA:3715,1
DA:3716,1
DA:3717,1
DA:3718,1
DA:3719,1
DA:3720,1
DA:3721,1
DA:3722,1
DA:3723,1
DA:3724,1
DA:3725,1
DA:3726,1
DA:3727,1
DA:3728,1
DA:3730,1
DA:3731,1
DA:3732,1
DA:3733,1
DA:3734,1
DA:3735,1
DA:3738,1
DA:3739,1
DA:3740,1
DA:3741,1
DA:3742,1
DA:3745,1
DA:3746,1
DA:3747,1
DA:3748,1
DA:3749,1
DA:3750,1
DA:3751,1
DA:3752,1
DA:3753,1
DA:3754,1
DA:3755,1
DA:3756,1
DA:3757,1
DA:3758,1
DA:3759,1
DA:3760,1
DA:3761,1
DA:3762,1
DA:3763,1
DA:3764,1
DA:3766,1
DA:3767,1
DA:3768,1
DA:3769,1
DA:3770,1
DA:3771,1
DA:3772,1
DA:3773,1
DA:3774,1
DA:3775,1
DA:3778,1
DA:3779,1
DA:3780,1
DA:3783,1
DA:3784,1
DA:3785,1
DA:3786,1
DA:3787,1
DA:3788,1
DA:3789,1
DA:3790,1
DA:3791,1
DA:3792,1
DA:3793,1
DA:3794,1
DA:3795,1
DA:3796,1
DA:3799,1
DA:3800,1
DA:3801,1
DA:3802,1
DA:3803,1
DA:3804,1
DA:3805,1
DA:3807,1
DA:3808,1
DA:3809,1
DA:3810,1
DA:3811,1
DA:3812,1
DA:3813,1
DA:3814,1
DA:3815,1
DA:3816,1
DA:3817,1
DA:3818,1
DA:3819,1
DA:3820,1
DA:3823,1
DA:3824,1
DA:3825,1
DA:3826,1
DA:3827,1
DA:3828,1
DA:3829,1
DA:3830,1
DA:3831,1
DA:3832,1
DA:3833,1
DA:3834,1
DA:3835,1
DA:3836,1
DA:3837,1
DA:3840,1
DA:3841,1
DA:3842,1
DA:3843,1
DA:3844,1
DA:3845,1
DA:3846,1
DA:3847,1
DA:3848,1
DA:3849,1
DA:3850,1
DA:3851,1
DA:3852,1
DA:3853,1
DA:3854,1
DA:3857,1
DA:3858,1
DA:3859,1
DA:3860,1
DA:3861,1
DA:3862,1
DA:3863,1
DA:3864,1
DA:3865,1
DA:3866,1
DA:3867,1
DA:3868,1
DA:3869,1
DA:3870,1
DA:3871,1
DA:3874,1
DA:3875,1
DA:3876,1
DA:3877,1
DA:3878,1
DA:3879,1
DA:3881,1
DA:3882,1
DA:3883,1
DA:3884,1
DA:3885,1
DA:3886,1
DA:3887,1
DA:3888,1
DA:3889,1
DA:3890,1
DA:3891,1
DA:3894,1
DA:3895,1
DA:3896,1
DA:3897,1
DA:3898,1
DA:3899,1
DA:3901,1
DA:3902,1
DA:3903,1
DA:3904,1
DA:3905,1
DA:3906,1
DA:3907,1
DA:3908,1
DA:3909,1
DA:3910,1
DA:3911,1
DA:3915,2
DA:3916,1
DA:3917,1
DA:3920,1
DA:3921,1
DA:3922,1
DA:3925,1
DA:3926,1
DA:3928,1
DA:3929,1
DA:3931,1
DA:3932,1
DA:3933,1
DA:3934,1
DA:3935,1
DA:3937,1
DA:3940,1
DA:3942,1
DA:3943,1
DA:3944,1
DA:3945,1
DA:3948,1
DA:3949,1
DA:3950,3
DA:3951,1
DA:3952,3
DA:3953,2
DA:3954,1
DA:3959,2
DA:3960,1
DA:3961,1
DA:3964,1
DA:3965,1
DA:3966,1
DA:3967,1
DA:3969,1
DA:3970,1
DA:3972,1
DA:3973,1
DA:3976,1
DA:3977,1
DA:3978,1
DA:3979,1
DA:3980,1
DA:3982,1
DA:3984,1
DA:3986,1
DA:3987,1
DA:3990,1
DA:3991,1
DA:3992,3
DA:3993,1
DA:3994,3
DA:3995,1
DA:3996,2
DA:3997,3
DA:3998,1
DA:4003,2
DA:4004,1
DA:4005,1
DA:4008,1
DA:4009,1
DA:4010,1
DA:4012,1
DA:4013,1
DA:4015,1
DA:4016,1
DA:4018,1
DA:4019,1
DA:4020,1
DA:4021,1
DA:4022,1
DA:4024,1
DA:4026,1
DA:4028,1
DA:4029,1
DA:4031,1
DA:4032,1
DA:4033,2
DA:4034,1
DA:4035,1
DA:4036,2
DA:4037,2
DA:4038,1
DA:4043,2
DA:4044,1
DA:4045,1
DA:4048,1
DA:4049,1
DA:4050,1
DA:4052,1
DA:4053,1
DA:4055,1
DA:4056,1
DA:4058,1
DA:4059,1
DA:4060,1
DA:4061,1
DA:4062,1
DA:4064,1
DA:4066,1
DA:4068,1
DA:4069,1
DA:4072,3
DA:4073,3
DA:4074,3
DA:4075,1
DA:4076,3
DA:4077,2
DA:4078,1
DA:4079,1
DA:4080,1
DA:4081,1
DA:4086,2
DA:4087,1
DA:4088,1
DA:4091,1
DA:4092,1
DA:4093,1
DA:4094,1
DA:4096,1
DA:4097,1
DA:4099,1
DA:4100,1
DA:4102,1
DA:4103,1
DA:4104,1
DA:4105,1
DA:4106,1
DA:4108,1
DA:4110,1
DA:4112,1
DA:4113,1
DA:4116,1
DA:4117,1
DA:4118,1
DA:4120,4
DA:4121,4
DA:4122,4
DA:4123,2
DA:4124,1
DA:4125,1
DA:4126,2
DA:4127,2
DA:4128,1
DA:4129,1
DA:4130,1
DA:4131,1
DA:4132,1
DA:4133,1
DA:4134,1
DA:4135,1
DA:4136,1
DA:4137,1
DA:4138,1
DA:4143,2
DA:4144,1
DA:4145,1
DA:4148,1
DA:4149,1
DA:4150,1
DA:4151,1
DA:4152,1
DA:4154,1
DA:4155,1
DA:4157,1
DA:4158,1
DA:4160,1
DA:4161,1
DA:4162,1
DA:4163,1
DA:4164,1
DA:4166,1
DA:4168,1
DA:4170,1
DA:4171,1
DA:4174,1
DA:4175,1
DA:4176,1
DA:4181,2
DA:4182,1
DA:4183,1
DA:4184,1
DA:4186,1
DA:4187,1
DA:4189,1
DA:4190,1
DA:4192,1
DA:4193,1
DA:4195,1
DA:4196,1
DA:4197,1
DA:4198,1
DA:4199,1
DA:4201,1
DA:4203,1
DA:4204,1
DA:4206,1
DA:4207,1
DA:4208,1
DA:4213,2
DA:4214,1
DA:4215,1
DA:4218,101
DA:4219,100
DA:4220,100
DA:4221,100
DA:4223,1
DA:4224,1
DA:4226,1
DA:4227,1
DA:4229,1
DA:4230,1
DA:4231,1
DA:4232,1
DA:4233,1
DA:4235,1
DA:4237,1
DA:4239,1
DA:4240,1
DA:4243,1
BRF:0
BRH:0
LF:3294
LH:2486
end_of_record